2018-04-09 12:04:52 -  - exec CUpdateClientPartner::SearchModulesEx
2018-04-09 12:04:52 -  - exec CUpdateClientPartner::__CollectRequestData
2018-04-09 12:04:52 -  - utf=Y&lang=ru&stable=Y&CANGZIP=Y&SUPD_DBS=MYSQL&XE=N&CLIENT_SITE=it.xenic.ru&LICENSE_KEY=X&SUPD_STS=1&SUPD_URS=0&SUPD_URSA=1&TYPENC=D&CLIENT_PHPVER=7.1.9&NGINX=Y&dbv=5.6.39&instm=main%2C17.5.7%2CY%3Bb24connector%2C17.0.1%2CN%3Bperfmon%2C17.0.1%2CN%3Bcompression%2C16.0.0%2CN%3Bbitrix.sitecorporate%2C15.5.0%2CN%3Bclouds%2C17.0.2%2CN%3Bseo%2C17.1.1%2CN%3Bsearch%2C17.0.1%2CN%3Btranslate%2C16.0.0%2CN%3Bhighloadblock%2C17.0.2%2CN%3Bsocialservices%2C17.5.1%2CN%3Biblock%2C17.5.3%2CN%3Bfileman%2C17.5.6%2CN%3Bbitrixcloud%2C17.0.1%2CN&search_module_id=&search_module=&search_category=7%2C14&search_type=&search_order=DESC&search_order_by=SORT&search_page=1&SUPD_SRS=RU&SUPD_CMP=N
2018-04-09 12:04:52 -  - exec CUpdateClientPartner::GetHTTPPage
2018-04-09 12:04:53 -  - TIME SearchModulesEx(request) 1.235 sec
2018-04-09 12:04:53 -  - exec CUpdateClientPartner::ParseServerData
2018-04-09 12:05:36 -  - exec CUpdateClientPartner::LoadModulesUpdates
2018-04-09 12:05:36 -  - exec CUpdateClientPartner::__CollectRequestData
2018-04-09 12:05:36 -  - utf=Y&lang=ru&stable=Y&CANGZIP=Y&SUPD_DBS=MYSQL&XE=N&CLIENT_SITE=it.xenic.ru&LICENSE_KEY=X&SUPD_STS=1&SUPD_URS=0&SUPD_URSA=1&TYPENC=D&CLIENT_PHPVER=7.1.9&NGINX=Y&dbv=5.6.39&instm=main%2C17.5.7%2CY%3Bb24connector%2C17.0.1%2CN%3Bperfmon%2C17.0.1%2CN%3Bcompression%2C16.0.0%2CN%3Bbitrix.sitecorporate%2C15.5.0%2CN%3Bclouds%2C17.0.2%2CN%3Bseo%2C17.1.1%2CN%3Bsearch%2C17.0.1%2CN%3Btranslate%2C16.0.0%2CN%3Bhighloadblock%2C17.0.2%2CN%3Bsocialservices%2C17.5.1%2CN%3Biblock%2C17.5.3%2CN%3Bfileman%2C17.5.6%2CN%3Bbitrixcloud%2C17.0.1%2CN&reqm=boxsol.bitcorp&lim=Y&SUPD_SRS=RU&SUPD_CMP=N
2018-04-09 12:05:36 -  - exec CUpdateClientPartner::GetHTTPPage
2018-04-09 12:05:40 -  - TIME LoadModulesUpdates(request) 4.264 sec
2018-04-09 12:05:40 -  - exec CUpdateClientPartner::ParseServerData
2018-04-09 12:05:40 - S - STEP
2018-04-09 12:05:40 - LM4W01 - loadModule4Wizard-Step
2018-04-09 12:05:40 -  - exec CUpdateClientPartner::LoadModulesUpdates
2018-04-09 12:05:40 -  - exec CUpdateClientPartner::ParseServerData
2018-04-09 12:05:40 -  - loadFile
2018-04-09 12:05:42 - U - RETURN
2018-04-09 12:05:42 -  - exec CUpdateClientPartner::UnGzipArchive
2018-04-09 12:05:43 -  - TIME UnGzipArchive 0.624 sec
2018-04-09 12:05:44 -  - TIME UpdateStepModules 0.497 sec
2018-04-09 12:05:44 -  - exec CUpdateClientPartner::LoadModulesUpdates
2018-04-09 12:05:44 -  - exec CUpdateClientPartner::__CollectRequestData
2018-04-09 12:05:44 -  - utf=Y&lang=ru&stable=Y&CANGZIP=Y&SUPD_DBS=MYSQL&XE=N&CLIENT_SITE=it.xenic.ru&LICENSE_KEY=X&SUPD_STS=1&SUPD_URS=0&SUPD_URSA=1&TYPENC=D&CLIENT_PHPVER=7.1.9&NGINX=Y&dbv=5.6.39&instm=main%2C17.5.7%2CY%3Bb24connector%2C17.0.1%2CN%3Bperfmon%2C17.0.1%2CN%3Bcompression%2C16.0.0%2CN%3Bbitrix.sitecorporate%2C15.5.0%2CN%3Bclouds%2C17.0.2%2CN%3Bseo%2C17.1.1%2CN%3Bsearch%2C17.0.1%2CN%3Btranslate%2C16.0.0%2CN%3Bhighloadblock%2C17.0.2%2CN%3Bsocialservices%2C17.5.1%2CN%3Biblock%2C17.5.3%2CN%3Bfileman%2C17.5.6%2CN%3Bboxsol.bitcorp%2C1.0.0%2CY%3Bbitrixcloud%2C17.0.1%2CN&reqm=boxsol.bitcorp&lim=Y&SUPD_SRS=RU&SUPD_CMP=N
2018-04-09 12:05:44 -  - exec CUpdateClientPartner::GetHTTPPage
2018-04-09 12:05:44 -  - TIME LoadModulesUpdates(request) 0.435 sec
2018-04-09 12:05:44 -  - exec CUpdateClientPartner::ParseServerData
2018-04-09 12:05:44 - S - STEP
2018-04-09 12:05:44 - LM4W01 - loadModule4Wizard-Step
2018-04-09 12:05:45 -  - exec CUpdateClientPartner::LoadModulesUpdates
2018-04-09 12:05:45 -  - exec CUpdateClientPartner::ParseServerData
2018-04-09 12:05:45 -  - loadFile
2018-04-09 12:05:45 - U - RETURN
2018-04-09 12:05:45 -  - exec CUpdateClientPartner::UnGzipArchive
2018-04-09 12:05:45 -  - TIME UnGzipArchive 0.015 sec
2018-04-09 12:05:45 - CSURUS1 - Run updater '/bitrix/updates/update_m1523264745/boxsol.bitcorp/updater1.2.0.php'
2018-04-09 12:05:45 -  - TIME UpdateStepModules 0.024 sec
2018-04-09 12:05:45 -  - exec CUpdateClientPartner::LoadModulesUpdates
2018-04-09 12:05:45 -  - exec CUpdateClientPartner::__CollectRequestData
2018-04-09 12:05:45 -  - utf=Y&lang=ru&stable=Y&CANGZIP=Y&SUPD_DBS=MYSQL&XE=N&CLIENT_SITE=it.xenic.ru&LICENSE_KEY=X&SUPD_STS=1&SUPD_URS=0&SUPD_URSA=1&TYPENC=D&CLIENT_PHPVER=7.1.9&NGINX=Y&dbv=5.6.39&instm=main%2C17.5.7%2CY%3Bb24connector%2C17.0.1%2CN%3Bperfmon%2C17.0.1%2CN%3Bcompression%2C16.0.0%2CN%3Bbitrix.sitecorporate%2C15.5.0%2CN%3Bclouds%2C17.0.2%2CN%3Bseo%2C17.1.1%2CN%3Bsearch%2C17.0.1%2CN%3Btranslate%2C16.0.0%2CN%3Bhighloadblock%2C17.0.2%2CN%3Bsocialservices%2C17.5.1%2CN%3Biblock%2C17.5.3%2CN%3Bfileman%2C17.5.6%2CN%3Bboxsol.bitcorp%2C1.2.0%2CY%3Bbitrixcloud%2C17.0.1%2CN&reqm=boxsol.bitcorp&lim=Y&SUPD_SRS=RU&SUPD_CMP=N
2018-04-09 12:05:45 -  - exec CUpdateClientPartner::GetHTTPPage
2018-04-09 12:05:45 -  - TIME LoadModulesUpdates(request) 0.402 sec
2018-04-09 12:05:45 -  - exec CUpdateClientPartner::ParseServerData
2018-04-09 12:05:45 - S - STEP
2018-04-09 12:05:45 - LM4W01 - loadModule4Wizard-Step
2018-04-09 12:05:46 -  - exec CUpdateClientPartner::LoadModulesUpdates
2018-04-09 12:05:46 -  - exec CUpdateClientPartner::ParseServerData
2018-04-09 12:05:46 -  - loadFile
2018-04-09 12:05:46 - U - RETURN
2018-04-09 12:05:46 -  - exec CUpdateClientPartner::UnGzipArchive
2018-04-09 12:05:46 -  - TIME UnGzipArchive 0.012 sec
2018-04-09 12:05:46 - CSURUS1 - Run updater '/bitrix/updates/update_m1523264746/boxsol.bitcorp/updater1.3.0.php'
2018-04-09 12:05:46 -  - TIME UpdateStepModules 0.021 sec
2018-04-09 12:05:46 -  - exec CUpdateClientPartner::LoadModulesUpdates
2018-04-09 12:05:46 -  - exec CUpdateClientPartner::__CollectRequestData
2018-04-09 12:05:46 -  - utf=Y&lang=ru&stable=Y&CANGZIP=Y&SUPD_DBS=MYSQL&XE=N&CLIENT_SITE=it.xenic.ru&LICENSE_KEY=X&SUPD_STS=1&SUPD_URS=0&SUPD_URSA=1&TYPENC=D&CLIENT_PHPVER=7.1.9&NGINX=Y&dbv=5.6.39&instm=main%2C17.5.7%2CY%3Bb24connector%2C17.0.1%2CN%3Bperfmon%2C17.0.1%2CN%3Bcompression%2C16.0.0%2CN%3Bbitrix.sitecorporate%2C15.5.0%2CN%3Bclouds%2C17.0.2%2CN%3Bseo%2C17.1.1%2CN%3Bsearch%2C17.0.1%2CN%3Btranslate%2C16.0.0%2CN%3Bhighloadblock%2C17.0.2%2CN%3Bsocialservices%2C17.5.1%2CN%3Biblock%2C17.5.3%2CN%3Bfileman%2C17.5.6%2CN%3Bboxsol.bitcorp%2C1.3.0%2CY%3Bbitrixcloud%2C17.0.1%2CN&reqm=boxsol.bitcorp&lim=Y&SUPD_SRS=RU&SUPD_CMP=N
2018-04-09 12:05:46 -  - exec CUpdateClientPartner::GetHTTPPage
2018-04-09 12:05:51 -  - TIME LoadModulesUpdates(request) 4.889 sec
2018-04-09 12:05:51 -  - exec CUpdateClientPartner::ParseServerData
2018-04-09 12:05:51 - S - STEP
2018-04-09 12:05:51 - LM4W01 - loadModule4Wizard-Step
2018-04-09 12:05:51 -  - exec CUpdateClientPartner::LoadModulesUpdates
2018-04-09 12:05:51 -  - exec CUpdateClientPartner::ParseServerData
2018-04-09 12:05:51 -  - loadFile
2018-04-09 12:05:53 - U - RETURN
2018-04-09 12:05:53 -  - exec CUpdateClientPartner::UnGzipArchive
2018-04-09 12:05:54 -  - TIME UnGzipArchive 0.592 sec
2018-04-09 12:05:54 - CSURUS1 - Run updater '/bitrix/updates/update_m1523264753/boxsol.bitcorp/updater2.0.0.php'
2018-04-09 12:05:54 -  - TIME UpdateStepModules 0.482 sec
2018-04-09 12:05:54 -  - exec CUpdateClientPartner::LoadModulesUpdates
2018-04-09 12:05:54 -  - exec CUpdateClientPartner::__CollectRequestData
2018-04-09 12:05:54 -  - utf=Y&lang=ru&stable=Y&CANGZIP=Y&SUPD_DBS=MYSQL&XE=N&CLIENT_SITE=it.xenic.ru&LICENSE_KEY=X&SUPD_STS=1&SUPD_URS=0&SUPD_URSA=1&TYPENC=D&CLIENT_PHPVER=7.1.9&NGINX=Y&dbv=5.6.39&instm=main%2C17.5.7%2CY%3Bb24connector%2C17.0.1%2CN%3Bperfmon%2C17.0.1%2CN%3Bcompression%2C16.0.0%2CN%3Bbitrix.sitecorporate%2C15.5.0%2CN%3Bclouds%2C17.0.2%2CN%3Bseo%2C17.1.1%2CN%3Bsearch%2C17.0.1%2CN%3Btranslate%2C16.0.0%2CN%3Bhighloadblock%2C17.0.2%2CN%3Bsocialservices%2C17.5.1%2CN%3Biblock%2C17.5.3%2CN%3Bfileman%2C17.5.6%2CN%3Bboxsol.bitcorp%2C2.0.0%2CY%3Bbitrixcloud%2C17.0.1%2CN&reqm=boxsol.bitcorp&lim=Y&SUPD_SRS=RU&SUPD_CMP=N
2018-04-09 12:05:54 -  - exec CUpdateClientPartner::GetHTTPPage
2018-04-09 12:05:55 -  - TIME LoadModulesUpdates(request) 0.275 sec
2018-04-09 12:05:55 -  - exec CUpdateClientPartner::ParseServerData
2018-04-09 12:05:55 - STEP - Finish - NOUPDATES
2018-04-09 12:05:55 - LM4W03 - Finish - NOUPDATES
2018-04-20 04:28:51 -  - exec CUpdateClientPartner::GetUpdatesList
2018-04-20 04:28:51 -  - exec CUpdateClientPartner::__CollectRequestData
2018-04-20 04:28:51 -  - utf=Y&lang=ru&stable=Y&CANGZIP=Y&SUPD_DBS=MYSQL&XE=N&CLIENT_SITE=www.it-gorod.com&LICENSE_KEY=X&SUPD_STS=1&SUPD_URS=0&SUPD_URSA=1&TYPENC=D&CLIENT_PHPVER=7.0.28-0ubuntu0.16.04.1&NGINX=Y&dbv=5.7.21&instm=main%2C17.5.7%2CY%3Biblock%2C17.5.3%2CN%3Bhighloadblock%2C17.0.2%2CN%3Bcompression%2C16.0.0%2CN%3Bperfmon%2C17.0.1%2CN%3Bbitrix.sitecorporate%2C15.5.0%2CN%3Bfileman%2C17.5.6%2CN%3Bbitrixcloud%2C17.0.1%2CN%3Bclouds%2C17.0.2%2CN%3Btranslate%2C16.0.0%2CN%3Bseo%2C17.1.1%2CN%3Bsearch%2C17.0.1%2CN%3Bsocialservices%2C17.5.1%2CN%3Bb24connector%2C17.0.1%2CN&reqm=bitrix.sitecorporate&SUPD_SRS=RU&SUPD_CMP=N
2018-04-20 04:28:51 -  - exec CUpdateClientPartner::GetHTTPPage
2018-04-20 04:28:51 -  - TIME GetUpdatesList(request) 0.343 sec
2018-04-20 04:28:51 -  - exec CUpdateClientPartner::ParseServerData
2018-04-20 04:28:56 -  - exec CUpdateClientPartner::ActivateCoupon
2018-04-20 04:28:56 -  - exec CUpdateClientPartner::__CollectRequestData
2018-04-20 04:28:56 -  - utf=Y&lang=ru&stable=Y&CANGZIP=Y&SUPD_DBS=MYSQL&XE=N&CLIENT_SITE=www.it-gorod.com&LICENSE_KEY=X&SUPD_STS=1&SUPD_URS=0&SUPD_URSA=1&TYPENC=D&CLIENT_PHPVER=7.0.28-0ubuntu0.16.04.1&NGINX=Y&dbv=5.7.21&instm=main%2C17.5.7%2CY%3Biblock%2C17.5.3%2CN%3Bhighloadblock%2C17.0.2%2CN%3Bcompression%2C16.0.0%2CN%3Bperfmon%2C17.0.1%2CN%3Bbitrix.sitecorporate%2C15.5.0%2CN%3Bfileman%2C17.5.6%2CN%3Bbitrixcloud%2C17.0.1%2CN%3Bclouds%2C17.0.2%2CN%3Btranslate%2C16.0.0%2CN%3Bseo%2C17.1.1%2CN%3Bsearch%2C17.0.1%2CN%3Bsocialservices%2C17.5.1%2CN%3Bb24connector%2C17.0.1%2CN&SUPD_SRS=RU&SUPD_CMP=N&coupon=MPX-7WQE1ZTYFP-1EIJU1M7EV&query_type=coupon
2018-04-20 04:28:56 -  - exec CUpdateClientPartner::GetHTTPPage
2018-04-20 04:28:56 -  - TIME ActivateCoupon(request) 0.285 sec
2018-04-20 04:28:56 -  - exec CUpdateClientPartner::ParseServerData
2018-04-20 04:28:56 - AC - [MARKETPLACE_CLIENT_DEMO] Нельзя установить платное решение из Marketplace на триальную версию продукта. 
2018-04-20 04:28:56 - UPD_ERROR - Error: [MARKETPLACE_CLIENT_DEMO] Нельзя установить платное решение из Marketplace на триальную версию продукта. Ошибка активации купона. 
2018-04-20 05:11:06 -  - exec CUpdateClientPartner::GetUpdatesList
2018-04-20 05:11:06 -  - exec CUpdateClientPartner::__CollectRequestData
2018-04-20 05:11:06 -  - utf=Y&lang=ru&stable=Y&CANGZIP=Y&SUPD_DBS=MYSQL&XE=N&CLIENT_SITE=www.it-gorod.com&LICENSE_KEY=X&SUPD_STS=1&SUPD_URS=0&SUPD_URSA=1&TYPENC=D&CLIENT_PHPVER=7.0.28-0ubuntu0.16.04.1&NGINX=Y&dbv=5.7.21&instm=main%2C17.5.7%2CY%3Biblock%2C17.5.3%2CN%3Bhighloadblock%2C17.0.2%2CN%3Bcompression%2C16.0.0%2CN%3Bperfmon%2C17.0.1%2CN%3Bbitrix.sitecorporate%2C15.5.0%2CN%3Bfileman%2C17.5.6%2CN%3Bbitrixcloud%2C17.0.1%2CN%3Bclouds%2C17.0.2%2CN%3Btranslate%2C16.0.0%2CN%3Bseo%2C17.1.1%2CN%3Bsearch%2C17.0.1%2CN%3Bsocialservices%2C17.5.1%2CN%3Bb24connector%2C17.0.1%2CN&reqm=bitrix.sitecorporate&SUPD_SRS=RU&SUPD_CMP=N
2018-04-20 05:11:06 -  - exec CUpdateClientPartner::GetHTTPPage
2018-04-20 05:11:23 -  - TIME GetUpdatesList(request) 17.351 sec
2018-04-20 05:11:23 -  - exec CUpdateClientPartner::ParseServerData
2018-04-20 05:11:23 -  - exec CUpdateClientPartner::GetUpdatesList
2018-04-20 05:11:23 -  - exec CUpdateClientPartner::__CollectRequestData
2018-04-20 05:11:23 -  - utf=Y&lang=ru&stable=Y&CANGZIP=Y&SUPD_DBS=MYSQL&XE=N&CLIENT_SITE=www.it-gorod.com&LICENSE_KEY=X&SUPD_STS=1&SUPD_URS=0&SUPD_URSA=1&TYPENC=D&CLIENT_PHPVER=7.0.28-0ubuntu0.16.04.1&NGINX=Y&dbv=5.7.21&instm=main%2C17.5.7%2CY%3Biblock%2C17.5.3%2CN%3Bhighloadblock%2C17.0.2%2CN%3Bcompression%2C16.0.0%2CN%3Bperfmon%2C17.0.1%2CN%3Bbitrix.sitecorporate%2C15.5.0%2CN%3Bfileman%2C17.5.6%2CN%3Bbitrixcloud%2C17.0.1%2CN%3Bclouds%2C17.0.2%2CN%3Btranslate%2C16.0.0%2CN%3Bseo%2C17.1.1%2CN%3Bsearch%2C17.0.1%2CN%3Bsocialservices%2C17.5.1%2CN%3Bb24connector%2C17.0.1%2CN&reqm=bitrix.sitecorporate&fullmoduleinfo=Y&SUPD_SRS=RU&SUPD_CMP=N
2018-04-20 05:11:23 -  - exec CUpdateClientPartner::GetHTTPPage
2018-04-20 05:11:24 -  - TIME GetUpdatesList(request) 0.597 sec
2018-04-20 05:11:24 -  - exec CUpdateClientPartner::ParseServerData
2018-04-20 05:11:37 -  - exec CUpdateClientPartner::GetUpdatesList
2018-04-20 05:11:37 -  - exec CUpdateClientPartner::__CollectRequestData
2018-04-20 05:11:37 -  - utf=Y&lang=ru&stable=Y&CANGZIP=Y&SUPD_DBS=MYSQL&XE=N&CLIENT_SITE=www.it-gorod.com&LICENSE_KEY=X&SUPD_STS=1&SUPD_URS=0&SUPD_URSA=1&TYPENC=D&CLIENT_PHPVER=7.0.28-0ubuntu0.16.04.1&NGINX=Y&dbv=5.7.21&instm=main%2C17.5.7%2CY%3Biblock%2C17.5.3%2CN%3Bhighloadblock%2C17.0.2%2CN%3Bcompression%2C16.0.0%2CN%3Bperfmon%2C17.0.1%2CN%3Bbitrix.sitecorporate%2C15.5.0%2CN%3Bfileman%2C17.5.6%2CN%3Bbitrixcloud%2C17.0.1%2CN%3Bclouds%2C17.0.2%2CN%3Btranslate%2C16.0.0%2CN%3Bseo%2C17.1.1%2CN%3Bsearch%2C17.0.1%2CN%3Bsocialservices%2C17.5.1%2CN%3Bb24connector%2C17.0.1%2CN&reqm=bitrix.sitecorporate&SUPD_SRS=RU&SUPD_CMP=N
2018-04-20 05:11:37 -  - exec CUpdateClientPartner::GetHTTPPage
2018-04-20 05:11:38 -  - TIME GetUpdatesList(request) 0.301 sec
2018-04-20 05:11:38 -  - exec CUpdateClientPartner::ParseServerData
2018-04-20 05:11:58 -  - exec CUpdateClientPartner::GetUpdatesList
2018-04-20 05:11:58 -  - exec CUpdateClientPartner::__CollectRequestData
2018-04-20 05:11:58 -  - utf=Y&lang=ru&stable=Y&CANGZIP=Y&SUPD_DBS=MYSQL&XE=N&CLIENT_SITE=www.it-gorod.com&LICENSE_KEY=X&SUPD_STS=1&SUPD_URS=0&SUPD_URSA=1&TYPENC=D&CLIENT_PHPVER=7.0.28-0ubuntu0.16.04.1&NGINX=Y&dbv=5.7.21&instm=main%2C17.5.7%2CY%3Biblock%2C17.5.3%2CN%3Bhighloadblock%2C17.0.2%2CN%3Bcompression%2C16.0.0%2CN%3Bperfmon%2C17.0.1%2CN%3Bbitrix.sitecorporate%2C15.5.0%2CN%3Bfileman%2C17.5.6%2CN%3Bbitrixcloud%2C17.0.1%2CN%3Bclouds%2C17.0.2%2CN%3Btranslate%2C16.0.0%2CN%3Bseo%2C17.1.1%2CN%3Bsearch%2C17.0.1%2CN%3Bsocialservices%2C17.5.1%2CN%3Bb24connector%2C17.0.1%2CN&reqm=bitrix.sitecorporate&fullmoduleinfo=Y&SUPD_SRS=RU&SUPD_CMP=N
2018-04-20 05:11:58 -  - exec CUpdateClientPartner::GetHTTPPage
2018-04-20 05:11:58 -  - TIME GetUpdatesList(request) 0.296 sec
2018-04-20 05:11:58 -  - exec CUpdateClientPartner::ParseServerData
2018-04-20 05:12:02 -  - exec CUpdateClientPartner::GetUpdatesList
2018-04-20 05:12:02 -  - exec CUpdateClientPartner::__CollectRequestData
2018-04-20 05:12:02 -  - utf=Y&lang=ru&stable=Y&CANGZIP=Y&SUPD_DBS=MYSQL&XE=N&CLIENT_SITE=www.it-gorod.com&LICENSE_KEY=X&SUPD_STS=1&SUPD_URS=0&SUPD_URSA=1&TYPENC=D&CLIENT_PHPVER=7.0.28-0ubuntu0.16.04.1&NGINX=Y&dbv=5.7.21&instm=main%2C17.5.7%2CY%3Biblock%2C17.5.3%2CN%3Bhighloadblock%2C17.0.2%2CN%3Bcompression%2C16.0.0%2CN%3Bperfmon%2C17.0.1%2CN%3Bbitrix.sitecorporate%2C15.5.0%2CN%3Bfileman%2C17.5.6%2CN%3Bbitrixcloud%2C17.0.1%2CN%3Bclouds%2C17.0.2%2CN%3Btranslate%2C16.0.0%2CN%3Bseo%2C17.1.1%2CN%3Bsearch%2C17.0.1%2CN%3Bsocialservices%2C17.5.1%2CN%3Bb24connector%2C17.0.1%2CN&reqm=bitrix.sitecorporate&SUPD_SRS=RU&SUPD_CMP=N
2018-04-20 05:12:02 -  - exec CUpdateClientPartner::GetHTTPPage
2018-04-20 05:12:03 -  - TIME GetUpdatesList(request) 0.75 sec
2018-04-20 05:12:03 -  - exec CUpdateClientPartner::ParseServerData
2018-04-20 05:12:09 -  - exec CUpdateClientPartner::LoadModulesUpdates
2018-04-20 05:12:09 -  - exec CUpdateClientPartner::__CollectRequestData
2018-04-20 05:12:09 -  - utf=Y&lang=ru&stable=Y&CANGZIP=Y&SUPD_DBS=MYSQL&XE=N&CLIENT_SITE=www.it-gorod.com&LICENSE_KEY=X&SUPD_STS=1&SUPD_URS=0&SUPD_URSA=1&TYPENC=D&CLIENT_PHPVER=7.0.28-0ubuntu0.16.04.1&NGINX=Y&dbv=5.7.21&instm=main%2C17.5.7%2CY%3Biblock%2C17.5.3%2CN%3Bhighloadblock%2C17.0.2%2CN%3Bcompression%2C16.0.0%2CN%3Bperfmon%2C17.0.1%2CN%3Bbitrix.sitecorporate%2C15.5.0%2CN%3Bfileman%2C17.5.6%2CN%3Bbitrixcloud%2C17.0.1%2CN%3Bclouds%2C17.0.2%2CN%3Btranslate%2C16.0.0%2CN%3Bseo%2C17.1.1%2CN%3Bsearch%2C17.0.1%2CN%3Bsocialservices%2C17.5.1%2CN%3Bb24connector%2C17.0.1%2CN&reqm=boxsol.bitcorp&lim=Y&SUPD_SRS=RU&SUPD_CMP=N
2018-04-20 05:12:09 -  - exec CUpdateClientPartner::GetHTTPPage
2018-04-20 05:12:09 -  - TIME LoadModulesUpdates(request) 0.293 sec
2018-04-20 05:12:09 -  - exec CUpdateClientPartner::ParseServerData
2018-04-20 05:12:09 - S - STEP
2018-04-20 05:12:09 - LMU01 - LoadModulesUpdates-Step
2018-04-20 05:12:10 -  - exec CUpdateClientPartner::LoadModulesUpdates
2018-04-20 05:12:10 -  - exec CUpdateClientPartner::ParseServerData
2018-04-20 05:12:10 -  - loadFile
2018-04-20 05:12:14 - U - RETURN
2018-04-20 05:12:14 -  - exec CUpdateClientPartner::UnGzipArchive
2018-04-20 05:12:14 -  - TIME UnGzipArchive 0.685 sec
2018-04-20 05:12:15 -  - TIME UpdateStepModules 0.587 sec
2018-04-20 05:12:15 - UPD_SUCCESS - Updated: boxsol.bitcorp
2018-04-20 05:12:16 -  - exec CUpdateClientPartner::LoadModulesUpdates
2018-04-20 05:12:16 -  - exec CUpdateClientPartner::__CollectRequestData
2018-04-20 05:12:16 -  - utf=Y&lang=ru&stable=Y&CANGZIP=Y&SUPD_DBS=MYSQL&XE=N&CLIENT_SITE=www.it-gorod.com&LICENSE_KEY=X&SUPD_STS=1&SUPD_URS=0&SUPD_URSA=1&TYPENC=D&CLIENT_PHPVER=7.0.28-0ubuntu0.16.04.1&NGINX=Y&dbv=5.7.21&instm=main%2C17.5.7%2CY%3Biblock%2C17.5.3%2CN%3Bboxsol.bitcorp%2C1.0.0%2CN%3Bhighloadblock%2C17.0.2%2CN%3Bcompression%2C16.0.0%2CN%3Bperfmon%2C17.0.1%2CN%3Bbitrix.sitecorporate%2C15.5.0%2CN%3Bfileman%2C17.5.6%2CN%3Bbitrixcloud%2C17.0.1%2CN%3Bclouds%2C17.0.2%2CN%3Btranslate%2C16.0.0%2CN%3Bseo%2C17.1.1%2CN%3Bsearch%2C17.0.1%2CN%3Bsocialservices%2C17.5.1%2CN%3Bb24connector%2C17.0.1%2CN&reqm=boxsol.bitcorp&lim=Y&SUPD_SRS=RU&SUPD_CMP=N
2018-04-20 05:12:16 -  - exec CUpdateClientPartner::GetHTTPPage
2018-04-20 05:12:16 -  - TIME LoadModulesUpdates(request) 0.29 sec
2018-04-20 05:12:16 -  - exec CUpdateClientPartner::ParseServerData
2018-04-20 05:12:16 - S - STEP
2018-04-20 05:12:16 - LMU01 - LoadModulesUpdates-Step
2018-04-20 05:12:16 -  - exec CUpdateClientPartner::LoadModulesUpdates
2018-04-20 05:12:16 -  - exec CUpdateClientPartner::ParseServerData
2018-04-20 05:12:16 -  - loadFile
2018-04-20 05:12:16 - U - RETURN
2018-04-20 05:12:16 -  - exec CUpdateClientPartner::UnGzipArchive
2018-04-20 05:12:16 -  - TIME UnGzipArchive 0.018 sec
2018-04-20 05:12:16 - CSURUS1 - Run updater '/bitrix/updates/update_m1524215536/boxsol.bitcorp/updater1.2.0.php'
2018-04-20 05:12:17 -  - TIME UpdateStepModules 0.223 sec
2018-04-20 05:12:17 - UPD_SUCCESS - Updated: boxsol.bitcorp (1.2.0)<br>Изменения и улучшения: <ul> <li>Исправление ошибки страницы 404</li> <li>Добавлен новый вид отображения услуг</li> <li>Добавлен новый вид отображения проектов</li> <li>Добавлено увеличение прикрепленных фото в отзывах</li> <li>Мелкие изменения шаблона</li> </ul> <br><b>Важно!!!</b> После установки обновления ОБЯЗАТЕЛЬНО выполните сброс кеша (Настройки - Настройки продукта - Автокеширование - Очистка файлов кеша). <br><b>Внимание!!!</b> Перед установкой обновления ОБЯЗАТЕЛЬНО выполните полное резервное копирование сайта. Если вы вносили изменения в шаблон решения, то дополнительно скопируйте всю папку шаблона! 
2018-04-20 05:12:17 -  - exec CUpdateClientPartner::LoadModulesUpdates
2018-04-20 05:12:17 -  - exec CUpdateClientPartner::__CollectRequestData
2018-04-20 05:12:17 -  - utf=Y&lang=ru&stable=Y&CANGZIP=Y&SUPD_DBS=MYSQL&XE=N&CLIENT_SITE=www.it-gorod.com&LICENSE_KEY=X&SUPD_STS=1&SUPD_URS=0&SUPD_URSA=1&TYPENC=D&CLIENT_PHPVER=7.0.28-0ubuntu0.16.04.1&NGINX=Y&dbv=5.7.21&instm=main%2C17.5.7%2CY%3Biblock%2C17.5.3%2CN%3Bboxsol.bitcorp%2C1.2.0%2CN%3Bhighloadblock%2C17.0.2%2CN%3Bcompression%2C16.0.0%2CN%3Bperfmon%2C17.0.1%2CN%3Bbitrix.sitecorporate%2C15.5.0%2CN%3Bfileman%2C17.5.6%2CN%3Bbitrixcloud%2C17.0.1%2CN%3Bclouds%2C17.0.2%2CN%3Btranslate%2C16.0.0%2CN%3Bseo%2C17.1.1%2CN%3Bsearch%2C17.0.1%2CN%3Bsocialservices%2C17.5.1%2CN%3Bb24connector%2C17.0.1%2CN&reqm=boxsol.bitcorp&lim=Y&SUPD_SRS=RU&SUPD_CMP=N
2018-04-20 05:12:17 -  - exec CUpdateClientPartner::GetHTTPPage
2018-04-20 05:12:17 -  - TIME LoadModulesUpdates(request) 0.282 sec
2018-04-20 05:12:17 -  - exec CUpdateClientPartner::ParseServerData
2018-04-20 05:12:17 - S - STEP
2018-04-20 05:12:17 - LMU01 - LoadModulesUpdates-Step
2018-04-20 05:12:18 -  - exec CUpdateClientPartner::LoadModulesUpdates
2018-04-20 05:12:18 -  - exec CUpdateClientPartner::ParseServerData
2018-04-20 05:12:18 -  - loadFile
2018-04-20 05:12:18 - U - RETURN
2018-04-20 05:12:18 -  - exec CUpdateClientPartner::UnGzipArchive
2018-04-20 05:12:18 -  - TIME UnGzipArchive 0.031 sec
2018-04-20 05:12:18 - CSURUS1 - Run updater '/bitrix/updates/update_m1524215538/boxsol.bitcorp/updater1.3.0.php'
2018-04-20 05:12:18 -  - TIME UpdateStepModules 0.076 sec
2018-04-20 05:12:18 - UPD_SUCCESS - Updated: boxsol.bitcorp (1.3.0)<br>Изменения и улучшения: <ul> <li>Добавлен новый раздел \"Партнеры\"</li> <li>Мелкие изменения шаблона</li> </ul> <br><b>Важно!!!</b> После установки обновления ОБЯЗАТЕЛЬНО выполните сброс кеша (Настройки - Настройки продукта - Автокеширование - Очистка файлов кеша). <br><b>Внимание!!!</b> Перед установкой обновления ОБЯЗАТЕЛЬНО выполните полное резервное копирование сайта. Если вы вносили изменения в шаблон решения, то дополнительно скопируйте всю папку шаблона! 
2018-04-20 05:12:19 -  - exec CUpdateClientPartner::LoadModulesUpdates
2018-04-20 05:12:19 -  - exec CUpdateClientPartner::__CollectRequestData
2018-04-20 05:12:19 -  - utf=Y&lang=ru&stable=Y&CANGZIP=Y&SUPD_DBS=MYSQL&XE=N&CLIENT_SITE=www.it-gorod.com&LICENSE_KEY=X&SUPD_STS=1&SUPD_URS=0&SUPD_URSA=1&TYPENC=D&CLIENT_PHPVER=7.0.28-0ubuntu0.16.04.1&NGINX=Y&dbv=5.7.21&instm=main%2C17.5.7%2CY%3Biblock%2C17.5.3%2CN%3Bboxsol.bitcorp%2C1.3.0%2CN%3Bhighloadblock%2C17.0.2%2CN%3Bcompression%2C16.0.0%2CN%3Bperfmon%2C17.0.1%2CN%3Bbitrix.sitecorporate%2C15.5.0%2CN%3Bfileman%2C17.5.6%2CN%3Bbitrixcloud%2C17.0.1%2CN%3Bclouds%2C17.0.2%2CN%3Btranslate%2C16.0.0%2CN%3Bseo%2C17.1.1%2CN%3Bsearch%2C17.0.1%2CN%3Bsocialservices%2C17.5.1%2CN%3Bb24connector%2C17.0.1%2CN&reqm=boxsol.bitcorp&lim=Y&SUPD_SRS=RU&SUPD_CMP=N
2018-04-20 05:12:19 -  - exec CUpdateClientPartner::GetHTTPPage
2018-04-20 05:12:19 -  - TIME LoadModulesUpdates(request) 0.318 sec
2018-04-20 05:12:19 -  - exec CUpdateClientPartner::ParseServerData
2018-04-20 05:12:19 - S - STEP
2018-04-20 05:12:19 - LMU01 - LoadModulesUpdates-Step
2018-04-20 05:12:20 -  - exec CUpdateClientPartner::LoadModulesUpdates
2018-04-20 05:12:20 -  - exec CUpdateClientPartner::ParseServerData
2018-04-20 05:12:20 -  - loadFile
2018-04-20 05:12:23 - U - RETURN
2018-04-20 05:12:23 -  - exec CUpdateClientPartner::UnGzipArchive
2018-04-20 05:12:23 -  - TIME UnGzipArchive 0.684 sec
2018-04-20 05:12:24 - CSURUS1 - Run updater '/bitrix/updates/update_m1524215543/boxsol.bitcorp/updater2.0.0.php'
2018-04-20 05:12:24 -  - TIME UpdateStepModules 0.88 sec
2018-04-20 05:12:25 - UPD_SUCCESS - Updated: boxsol.bitcorp (2.0.0)<br>Изменения и улучшения: <ul> <li>Добавлен новый раздел \"Каталог\"</li> <li>Оптимизация работы шаблона</li> <li>Мелкие изменения стилей шаблона</li> </ul> <br><b>Важно!!!</b> После установки обновления ОБЯЗАТЕЛЬНО выполните сброс кеша (Настройки - Настройки продукта - Автокеширование - Очистка файлов кеша). <br><b>Внимание!!!</b> Перед установкой обновления ОБЯЗАТЕЛЬНО выполните полное резервное копирование сайта. Если вы вносили изменения в шаблон решения, то дополнительно скопируйте всю папку шаблона! 
2018-04-20 05:12:25 -  - exec CUpdateClientPartner::LoadModulesUpdates
2018-04-20 05:12:25 -  - exec CUpdateClientPartner::__CollectRequestData
2018-04-20 05:12:25 -  - utf=Y&lang=ru&stable=Y&CANGZIP=Y&SUPD_DBS=MYSQL&XE=N&CLIENT_SITE=www.it-gorod.com&LICENSE_KEY=X&SUPD_STS=1&SUPD_URS=0&SUPD_URSA=1&TYPENC=D&CLIENT_PHPVER=7.0.28-0ubuntu0.16.04.1&NGINX=Y&dbv=5.7.21&instm=main%2C17.5.7%2CY%3Biblock%2C17.5.3%2CN%3Bboxsol.bitcorp%2C2.0.0%2CN%3Bhighloadblock%2C17.0.2%2CN%3Bcompression%2C16.0.0%2CN%3Bperfmon%2C17.0.1%2CN%3Bbitrix.sitecorporate%2C15.5.0%2CN%3Bfileman%2C17.5.6%2CN%3Bbitrixcloud%2C17.0.1%2CN%3Bclouds%2C17.0.2%2CN%3Btranslate%2C16.0.0%2CN%3Bseo%2C17.1.1%2CN%3Bsearch%2C17.0.1%2CN%3Bsocialservices%2C17.5.1%2CN%3Bb24connector%2C17.0.1%2CN&reqm=boxsol.bitcorp&lim=Y&SUPD_SRS=RU&SUPD_CMP=N
2018-04-20 05:12:25 -  - exec CUpdateClientPartner::GetHTTPPage
2018-04-20 05:12:25 -  - TIME LoadModulesUpdates(request) 0.304 sec
2018-04-20 05:12:25 -  - exec CUpdateClientPartner::ParseServerData
2018-04-20 05:12:25 - STEP - Finish - NOUPDATES
2018-04-20 05:12:25 - STEP - Finish - NOUPDATES
2018-04-20 05:13:49 -  - exec CUpdateClientPartner::GetUpdatesList
2018-04-20 05:13:49 -  - exec CUpdateClientPartner::__CollectRequestData
2018-04-20 05:13:49 -  - utf=Y&lang=ru&stable=Y&CANGZIP=Y&SUPD_DBS=MYSQL&XE=N&CLIENT_SITE=www.it-gorod.com&LICENSE_KEY=X&SUPD_STS=1&SUPD_URS=0&SUPD_URSA=1&TYPENC=D&CLIENT_PHPVER=7.0.28-0ubuntu0.16.04.1&NGINX=Y&dbv=5.7.21&instm=main%2C17.5.7%2CY%3Biblock%2C17.5.3%2CN%3Bboxsol.bitcorp%2C2.0.0%2CN%3Bhighloadblock%2C17.0.2%2CN%3Bcompression%2C16.0.0%2CN%3Bperfmon%2C17.0.1%2CN%3Bbitrix.sitecorporate%2C15.5.0%2CN%3Bfileman%2C17.5.6%2CN%3Bbitrixcloud%2C17.0.1%2CN%3Bclouds%2C17.0.2%2CN%3Btranslate%2C16.0.0%2CN%3Bseo%2C17.1.1%2CN%3Bsearch%2C17.0.1%2CN%3Bsocialservices%2C17.5.1%2CN%3Bb24connector%2C17.0.1%2CN&reqm=boxsol.bitcorp%2Cbitrix.sitecorporate&SUPD_SRS=RU&SUPD_CMP=N
2018-04-20 05:13:49 -  - exec CUpdateClientPartner::GetHTTPPage
2018-04-20 05:13:49 -  - TIME GetUpdatesList(request) 0.301 sec
2018-04-20 05:13:49 -  - exec CUpdateClientPartner::ParseServerData
2018-04-20 05:30:11 -  - exec CUpdateClientPartner::GetUpdatesList
2018-04-20 05:30:11 -  - exec CUpdateClientPartner::__CollectRequestData
2018-04-20 05:30:11 -  - utf=Y&lang=ru&stable=Y&CANGZIP=Y&SUPD_DBS=MYSQL&XE=N&CLIENT_SITE=www.it-gorod.com&LICENSE_KEY=X&SUPD_STS=1&SUPD_URS=0&SUPD_URSA=1&TYPENC=D&CLIENT_PHPVER=7.0.28-0ubuntu0.16.04.1&NGINX=Y&dbv=5.7.21&instm=main%2C17.5.7%2CY%3Biblock%2C17.5.3%2CN%3Bboxsol.bitcorp%2C2.0.0%2CN%3Bhighloadblock%2C17.0.2%2CN%3Bcompression%2C16.0.0%2CN%3Bperfmon%2C17.0.1%2CN%3Bbitrix.sitecorporate%2C15.5.0%2CN%3Bfileman%2C17.5.6%2CN%3Bbitrixcloud%2C17.0.1%2CN%3Bclouds%2C17.0.2%2CN%3Btranslate%2C16.0.0%2CN%3Bseo%2C17.1.1%2CN%3Bsearch%2C17.0.1%2CN%3Bsocialservices%2C17.5.1%2CN%3Bb24connector%2C17.0.1%2CN&reqm=boxsol.bitcorp%2Cbitrix.sitecorporate&SUPD_SRS=RU&SUPD_CMP=N
2018-04-20 05:30:11 -  - exec CUpdateClientPartner::GetHTTPPage
2018-04-20 05:30:12 -  - TIME GetUpdatesList(request) 0.493 sec
2018-04-20 05:30:12 -  - exec CUpdateClientPartner::ParseServerData
2018-05-10 10:49:54 -  - exec CUpdateClientPartner::GetUpdatesList
2018-05-10 10:49:54 -  - exec CUpdateClientPartner::__CollectRequestData
2018-05-10 10:49:54 -  - utf=Y&lang=ru&stable=Y&CANGZIP=Y&SUPD_DBS=MYSQL&XE=N&CLIENT_SITE=www.it-gorod.com&LICENSE_KEY=X&SUPD_STS=1&SUPD_URS=0&SUPD_URSA=1&TYPENC=D&CLIENT_PHPVER=7.0.28-0ubuntu0.16.04.1&NGINX=Y&dbv=5.7.21&instm=main%2C17.5.7%2CY%3Biblock%2C17.5.3%2CN%3Bboxsol.bitcorp%2C2.0.0%2CN%3Bhighloadblock%2C17.0.2%2CN%3Bcompression%2C16.0.0%2CN%3Bperfmon%2C17.0.1%2CN%3Bbitrix.sitecorporate%2C15.5.0%2CN%3Bfileman%2C17.5.6%2CN%3Bbitrixcloud%2C17.0.1%2CN%3Bclouds%2C17.0.2%2CN%3Btranslate%2C16.0.0%2CN%3Bseo%2C17.1.1%2CN%3Bsearch%2C17.0.1%2CN%3Bsocialservices%2C17.5.1%2CN%3Bb24connector%2C17.0.1%2CN&reqm=boxsol.bitcorp%2Cbitrix.sitecorporate&SUPD_SRS=RU&SUPD_CMP=N
2018-05-10 10:49:54 -  - exec CUpdateClientPartner::GetHTTPPage
2018-05-10 10:49:54 -  - TIME GetUpdatesList(request) 0.309 sec
2018-05-10 10:49:54 -  - exec CUpdateClientPartner::ParseServerData
2018-05-10 10:49:54 -  - exec CUpdateClientPartner::GetUpdatesList
2018-05-10 10:49:54 -  - exec CUpdateClientPartner::__CollectRequestData
2018-05-10 10:49:54 -  - utf=Y&lang=ru&stable=Y&CANGZIP=Y&SUPD_DBS=MYSQL&XE=N&CLIENT_SITE=www.it-gorod.com&LICENSE_KEY=X&SUPD_STS=1&SUPD_URS=0&SUPD_URSA=1&TYPENC=D&CLIENT_PHPVER=7.0.28-0ubuntu0.16.04.1&NGINX=Y&dbv=5.7.21&instm=main%2C17.5.7%2CY%3Biblock%2C17.5.3%2CN%3Bboxsol.bitcorp%2C2.0.0%2CN%3Bhighloadblock%2C17.0.2%2CN%3Bcompression%2C16.0.0%2CN%3Bperfmon%2C17.0.1%2CN%3Bbitrix.sitecorporate%2C15.5.0%2CN%3Bfileman%2C17.5.6%2CN%3Bbitrixcloud%2C17.0.1%2CN%3Bclouds%2C17.0.2%2CN%3Btranslate%2C16.0.0%2CN%3Bseo%2C17.1.1%2CN%3Bsearch%2C17.0.1%2CN%3Bsocialservices%2C17.5.1%2CN%3Bb24connector%2C17.0.1%2CN&reqm=boxsol.bitcorp%2Cbitrix.sitecorporate&fullmoduleinfo=Y&SUPD_SRS=RU&SUPD_CMP=N
2018-05-10 10:49:54 -  - exec CUpdateClientPartner::GetHTTPPage
2018-05-10 10:49:54 -  - TIME GetUpdatesList(request) 0.28 sec
2018-05-10 10:49:54 -  - exec CUpdateClientPartner::ParseServerData
2018-06-22 05:18:15 -  - TIME UpdateStepModules 0.009 sec
2018-06-22 05:19:23 -  - exec CUpdateClientPartner::GetUpdatesList
2018-06-22 05:19:23 -  - exec CUpdateClientPartner::__CollectRequestData
2018-06-22 05:19:23 -  - utf=Y&lang=ru&stable=Y&CANGZIP=Y&SUPD_DBS=MYSQL&XE=N&CLIENT_SITE=www.it-gorod.com&LICENSE_KEY=X&SUPD_STS=1&SUPD_URS=0&SUPD_URSA=2&TYPENC=E&CLIENT_PHPVER=7.0.28-0ubuntu0.16.04.1&NGINX=Y&dbv=5.7.21&instm=main%2C17.5.16%2CN%3Biblock%2C17.6.2%2CN%3Bboxsol.bitcorp%2C2.0.0%2CN%3Bui%2C17.5.5%2CN%3Bhighloadblock%2C17.5.0%2CN%3Bcompression%2C16.0.0%2CN%3Bskyweb24.alreadygoing%2C1.0.0%2CN%3Bscale%2C17.5.0%2CN%3Bperfmon%2C17.0.1%2CN%3Bbitrix.sitecorporate%2C15.5.0%2CN%3Bfileman%2C17.5.10%2CN%3Bbitrixcloud%2C17.5.0%2CN%3Bclouds%2C17.0.2%2CN%3Btranslate%2C16.0.0%2CN%3Bseo%2C17.5.3%2CN%3Bsearch%2C17.5.0%2CN%3Bsocialservices%2C17.5.4%2CN%3Bb24connector%2C17.5.0%2CN&reqm=boxsol.bitcorp%2Cskyweb24.alreadygoing%2Cbitrix.sitecorporate&fullmoduleinfo=Y&SUPD_SRS=RU&SUPD_CMP=N
2018-06-22 05:19:23 -  - exec CUpdateClientPartner::GetHTTPPage
2018-06-22 05:19:23 -  - TIME GetUpdatesList(request) 0.004 sec
2018-06-22 05:19:23 -  - exec CUpdateClientPartner::ParseServerData
2018-06-22 05:19:23 - UPSD02 - 
2018-06-22 05:19:23 - CUPSD - [UPSD02] Неопознанный ответ от сервера обновлений. 
2018-06-22 05:19:23 - GUL02 - [UPSD02] Неопознанный ответ от сервера обновлений. 
2018-06-22 05:19:29 -  - exec CUpdateClientPartner::GetUpdatesList
2018-06-22 05:19:29 -  - exec CUpdateClientPartner::__CollectRequestData
2018-06-22 05:19:29 -  - utf=Y&lang=ru&stable=Y&CANGZIP=Y&SUPD_DBS=MYSQL&XE=N&CLIENT_SITE=www.it-gorod.com&LICENSE_KEY=X&SUPD_STS=1&SUPD_URS=0&SUPD_URSA=2&TYPENC=E&CLIENT_PHPVER=7.0.28-0ubuntu0.16.04.1&NGINX=Y&dbv=5.7.21&instm=main%2C17.5.16%2CN%3Biblock%2C17.6.2%2CN%3Bboxsol.bitcorp%2C2.0.0%2CN%3Bui%2C17.5.5%2CN%3Bhighloadblock%2C17.5.0%2CN%3Bcompression%2C16.0.0%2CN%3Bskyweb24.alreadygoing%2C1.0.0%2CN%3Bscale%2C17.5.0%2CN%3Bperfmon%2C17.0.1%2CN%3Bbitrix.sitecorporate%2C15.5.0%2CN%3Bfileman%2C17.5.10%2CN%3Bbitrixcloud%2C17.5.0%2CN%3Bclouds%2C17.0.2%2CN%3Btranslate%2C16.0.0%2CN%3Bseo%2C17.5.3%2CN%3Bsearch%2C17.5.0%2CN%3Bsocialservices%2C17.5.4%2CN%3Bb24connector%2C17.5.0%2CN&reqm=boxsol.bitcorp%2Cskyweb24.alreadygoing%2Cbitrix.sitecorporate&fullmoduleinfo=Y&SUPD_SRS=RU&SUPD_CMP=N
2018-06-22 05:19:29 -  - exec CUpdateClientPartner::GetHTTPPage
2018-06-22 05:19:29 -  - TIME GetUpdatesList(request) 0.003 sec
2018-06-22 05:19:29 -  - exec CUpdateClientPartner::ParseServerData
2018-06-22 05:19:29 - UPSD02 - 
2018-06-22 05:19:29 - CUPSD - [UPSD02] Неопознанный ответ от сервера обновлений. 
2018-06-22 05:19:29 - GUL02 - [UPSD02] Неопознанный ответ от сервера обновлений. 
2018-06-22 05:20:03 -  - exec CUpdateClientPartner::GetUpdatesList
2018-06-22 05:20:03 -  - exec CUpdateClientPartner::__CollectRequestData
2018-06-22 05:20:03 -  - utf=Y&lang=ru&stable=Y&CANGZIP=Y&SUPD_DBS=MYSQL&XE=N&CLIENT_SITE=www.it-gorod.com&LICENSE_KEY=X&SUPD_STS=1&SUPD_URS=0&SUPD_URSA=2&TYPENC=E&CLIENT_PHPVER=7.0.28-0ubuntu0.16.04.1&NGINX=Y&dbv=5.7.21&instm=main%2C17.5.16%2CN%3Biblock%2C17.6.2%2CN%3Bboxsol.bitcorp%2C2.0.0%2CN%3Bui%2C17.5.5%2CN%3Bhighloadblock%2C17.5.0%2CN%3Bcompression%2C16.0.0%2CN%3Bskyweb24.alreadygoing%2C1.0.0%2CN%3Bscale%2C17.5.0%2CN%3Bperfmon%2C17.0.1%2CN%3Bbitrix.sitecorporate%2C15.5.0%2CN%3Bfileman%2C17.5.10%2CN%3Bbitrixcloud%2C17.5.0%2CN%3Bclouds%2C17.0.2%2CN%3Btranslate%2C16.0.0%2CN%3Bseo%2C17.5.3%2CN%3Bsearch%2C17.5.0%2CN%3Bsocialservices%2C17.5.4%2CN%3Bb24connector%2C17.5.0%2CN&reqm=boxsol.bitcorp%2Cskyweb24.alreadygoing%2Cbitrix.sitecorporate&fullmoduleinfo=Y&SUPD_SRS=RU&SUPD_CMP=N
2018-06-22 05:20:03 -  - exec CUpdateClientPartner::GetHTTPPage
2018-06-22 05:20:03 -  - TIME GetUpdatesList(request) 0.003 sec
2018-06-22 05:20:03 -  - exec CUpdateClientPartner::ParseServerData
2018-06-22 05:20:03 - UPSD02 - 
2018-06-22 05:20:03 - CUPSD - [UPSD02] Неопознанный ответ от сервера обновлений. 
2018-06-22 05:20:03 - GUL02 - [UPSD02] Неопознанный ответ от сервера обновлений. 
2018-06-22 05:21:36 -  - exec CUpdateClientPartner::GetUpdatesList
2018-06-22 05:21:36 -  - exec CUpdateClientPartner::__CollectRequestData
2018-06-22 05:21:36 -  - utf=Y&lang=ru&stable=Y&CANGZIP=Y&SUPD_DBS=MYSQL&XE=N&CLIENT_SITE=www.it-gorod.com&LICENSE_KEY=X&SUPD_STS=1&SUPD_URS=0&SUPD_URSA=2&TYPENC=E&CLIENT_PHPVER=7.0.28-0ubuntu0.16.04.1&NGINX=Y&dbv=5.7.21&instm=main%2C17.5.16%2CN%3Biblock%2C17.6.2%2CN%3Bboxsol.bitcorp%2C2.0.0%2CN%3Bui%2C17.5.5%2CN%3Bhighloadblock%2C17.5.0%2CN%3Bcompression%2C16.0.0%2CN%3Bskyweb24.alreadygoing%2C1.0.0%2CN%3Bscale%2C17.5.0%2CN%3Bperfmon%2C17.0.1%2CN%3Bbitrix.sitecorporate%2C15.5.0%2CN%3Bfileman%2C17.5.10%2CN%3Bbitrixcloud%2C17.5.0%2CN%3Bclouds%2C17.0.2%2CN%3Btranslate%2C16.0.0%2CN%3Bseo%2C17.5.3%2CN%3Bsearch%2C17.5.0%2CN%3Bsocialservices%2C17.5.4%2CN%3Bb24connector%2C17.5.0%2CN&reqm=boxsol.bitcorp%2Cskyweb24.alreadygoing%2Cbitrix.sitecorporate&fullmoduleinfo=Y&SUPD_SRS=RU&SUPD_CMP=N
2018-06-22 05:21:36 -  - exec CUpdateClientPartner::GetHTTPPage
2018-06-22 05:21:36 -  - TIME GetUpdatesList(request) 0.007 sec
2018-06-22 05:21:36 -  - exec CUpdateClientPartner::ParseServerData
2018-06-22 05:21:36 - UPSD02 - 
2018-06-22 05:21:36 - CUPSD - [UPSD02] Неопознанный ответ от сервера обновлений. 
2018-06-22 05:21:36 - GUL02 - [UPSD02] Неопознанный ответ от сервера обновлений. 
2018-07-30 10:44:21 -  - exec CUpdateClientPartner::GetUpdatesList
2018-07-30 10:44:21 -  - exec CUpdateClientPartner::__CollectRequestData
2018-07-30 10:44:21 -  - utf=Y&lang=ru&stable=Y&CANGZIP=Y&SUPD_DBS=MYSQL&XE=N&CLIENT_SITE=www.it-gorod.com&LICENSE_KEY=X&SUPD_STS=1&SUPD_URS=0&SUPD_URSA=1&TYPENC=E&CLIENT_PHPVER=7.0.28-0ubuntu0.16.04.1&NGINX=Y&dbv=5.7.21&instm=main%2C17.5.16%2CN%3Bb24connector%2C17.5.0%2CN%3Btranslate%2C16.0.0%2CN%3Bperfmon%2C17.0.1%2CN%3Bbitrixcloud%2C17.5.0%2CN%3Bsocialservices%2C17.5.4%2CN%3Bcompression%2C16.0.0%2CN%3Bclouds%2C17.0.2%2CN%3Bfileman%2C17.5.10%2CN%3Biblock%2C17.6.2%2CN%3Bboxsol.bitcorp%2C2.0.0%2CN%3Bsearch%2C17.5.0%2CN%3Bhighloadblock%2C17.5.0%2CN%3Bscale%2C17.5.0%2CN%3Bbitrix.sitecorporate%2C15.5.0%2CN%3Bui%2C17.5.5%2CN%3Bseo%2C17.5.3%2CN%3Bskyweb24.alreadygoing%2C1.0.0%2CN&reqm=boxsol.bitcorp%2Cbitrix.sitecorporate%2Cskyweb24.alreadygoing&fullmoduleinfo=Y&SUPD_SRS=RU&SUPD_CMP=N
2018-07-30 10:44:21 -  - exec CUpdateClientPartner::GetHTTPPage
2018-07-30 10:44:21 -  - TIME GetUpdatesList(request) 0.007 sec
2018-07-30 10:44:21 -  - exec CUpdateClientPartner::ParseServerData
2018-07-30 10:44:21 - UPSD02 - 
2018-07-30 10:44:21 - CUPSD - [UPSD02] Неопознанный ответ от сервера обновлений. 
2018-07-30 10:44:21 - GUL02 - [UPSD02] Неопознанный ответ от сервера обновлений. 
2018-08-15 14:03:41 - Ux11 - Ошибка описания модуля "ambersite.independentmetatags"
2018-08-15 14:03:41 -  - exec CUpdateClientPartner::GetUpdatesList
2018-08-15 14:03:41 -  - exec CUpdateClientPartner::__CollectRequestData
2018-08-15 14:03:41 - Ux11 - Ошибка описания модуля "ambersite.independentmetatags"
2018-08-15 14:03:41 - NCRD01 - [Ux11] Ошибка описания модуля "ambersite.independentmetatags". 
2018-08-15 14:03:41 - GUL01 - Empty query list
2018-08-15 14:03:41 - Ux11 - Ошибка описания модуля "ambersite.independentmetatags"
2018-08-15 14:04:58 - Ux11 - Ошибка описания модуля "ambersite.independentmetatags"
2018-08-15 14:04:58 -  - exec CUpdateClientPartner::GetUpdatesList
2018-08-15 14:04:58 -  - exec CUpdateClientPartner::__CollectRequestData
2018-08-15 14:04:58 - Ux11 - Ошибка описания модуля "ambersite.independentmetatags"
2018-08-15 14:04:58 - NCRD01 - [Ux11] Ошибка описания модуля "ambersite.independentmetatags". 
2018-08-15 14:04:58 - GUL01 - Empty query list
2018-08-15 14:04:58 - Ux11 - Ошибка описания модуля "ambersite.independentmetatags"
2018-08-15 14:05:35 - Ux11 - Ошибка описания модуля "ambersite.independentmetatags"
2018-08-15 14:05:35 -  - exec CUpdateClientPartner::GetUpdatesList
2018-08-15 14:05:35 -  - exec CUpdateClientPartner::__CollectRequestData
2018-08-15 14:05:35 - Ux11 - Ошибка описания модуля "ambersite.independentmetatags"
2018-08-15 14:05:35 - NCRD01 - [Ux11] Ошибка описания модуля "ambersite.independentmetatags". 
2018-08-15 14:05:35 - GUL01 - Empty query list
2018-08-15 14:05:35 - Ux11 - Ошибка описания модуля "ambersite.independentmetatags"
2018-08-15 14:05:56 - Ux11 - Ошибка описания модуля "ambersite.independentmetatags"
2018-08-15 14:05:56 -  - exec CUpdateClientPartner::GetUpdatesList
2018-08-15 14:05:56 -  - exec CUpdateClientPartner::__CollectRequestData
2018-08-15 14:05:56 - Ux11 - Ошибка описания модуля "ambersite.independentmetatags"
2018-08-15 14:05:56 - NCRD01 - [Ux11] Ошибка описания модуля "ambersite.independentmetatags". 
2018-08-15 14:05:56 - GUL01 - Empty query list
2018-08-15 14:05:56 - Ux11 - Ошибка описания модуля "ambersite.independentmetatags"
2018-08-15 14:06:22 - Ux11 - Ошибка описания модуля "ambersite.independentmetatags"
2018-08-15 14:06:22 -  - exec CUpdateClientPartner::GetUpdatesList
2018-08-15 14:06:22 -  - exec CUpdateClientPartner::__CollectRequestData
2018-08-15 14:06:22 - Ux11 - Ошибка описания модуля "ambersite.independentmetatags"
2018-08-15 14:06:22 - NCRD01 - [Ux11] Ошибка описания модуля "ambersite.independentmetatags". 
2018-08-15 14:06:22 - GUL01 - Empty query list
2018-08-15 14:06:22 - Ux11 - Ошибка описания модуля "ambersite.independentmetatags"
2018-08-15 14:29:36 -  - exec CUpdateClientPartner::GetUpdatesList
2018-08-15 14:29:36 -  - exec CUpdateClientPartner::__CollectRequestData
2018-08-15 14:29:36 -  - utf=Y&lang=ru&stable=Y&CANGZIP=Y&SUPD_DBS=MYSQL&XE=N&CLIENT_SITE=www.it-gorod.com&LICENSE_KEY=X&SUPD_STS=1&SUPD_URS=0&SUPD_URSA=1&TYPENC=E&CLIENT_PHPVER=7.0.30-0ubuntu0.16.04.1&NGINX=Y&dbv=5.7.21&instm=main%2C17.5.16%2CN%3Bb24connector%2C17.5.0%2CN%3Btranslate%2C16.0.0%2CN%3Bperfmon%2C17.0.1%2CN%3Bbitrixcloud%2C17.5.0%2CN%3Bsocialservices%2C17.5.4%2CN%3Bcompression%2C16.0.0%2CN%3Bclouds%2C17.0.2%2CN%3Bfileman%2C17.5.10%2CN%3Biblock%2C17.6.2%2CN%3Bboxsol.bitcorp%2C2.0.0%2CN%3Bsearch%2C17.5.0%2CN%3Bhighloadblock%2C17.5.0%2CN%3Bscale%2C17.5.0%2CN%3Bbitrix.sitecorporate%2C15.5.0%2CN%3Bui%2C17.5.5%2CN%3Bseo%2C17.5.3%2CN%3Bskyweb24.alreadygoing%2C1.0.0%2CN&reqm=boxsol.bitcorp%2Cbitrix.sitecorporate%2Cskyweb24.alreadygoing&fullmoduleinfo=Y&SUPD_SRS=RU&SUPD_CMP=N
2018-08-15 14:29:36 -  - exec CUpdateClientPartner::GetHTTPPage
2018-08-15 14:29:37 -  - TIME GetUpdatesList(request) 0.007 sec
2018-08-15 14:29:37 -  - exec CUpdateClientPartner::ParseServerData
2018-08-15 14:29:37 - UPSD02 - 
2018-08-15 14:29:37 - CUPSD - [UPSD02] Неопознанный ответ от сервера обновлений. 
2018-08-15 14:29:37 - GUL02 - [UPSD02] Неопознанный ответ от сервера обновлений. 
2018-08-15 14:29:42 -  - exec CUpdateClientPartner::GetUpdatesList
2018-08-15 14:29:42 -  - exec CUpdateClientPartner::__CollectRequestData
2018-08-15 14:29:42 -  - utf=Y&lang=ru&stable=Y&CANGZIP=Y&SUPD_DBS=MYSQL&XE=N&CLIENT_SITE=www.it-gorod.com&LICENSE_KEY=X&SUPD_STS=1&SUPD_URS=0&SUPD_URSA=1&TYPENC=E&CLIENT_PHPVER=7.0.30-0ubuntu0.16.04.1&NGINX=Y&dbv=5.7.21&instm=main%2C17.5.16%2CN%3Bb24connector%2C17.5.0%2CN%3Btranslate%2C16.0.0%2CN%3Bperfmon%2C17.0.1%2CN%3Bbitrixcloud%2C17.5.0%2CN%3Bsocialservices%2C17.5.4%2CN%3Bcompression%2C16.0.0%2CN%3Bclouds%2C17.0.2%2CN%3Bfileman%2C17.5.10%2CN%3Biblock%2C17.6.2%2CN%3Bboxsol.bitcorp%2C2.0.0%2CN%3Bsearch%2C17.5.0%2CN%3Bhighloadblock%2C17.5.0%2CN%3Bscale%2C17.5.0%2CN%3Bbitrix.sitecorporate%2C15.5.0%2CN%3Bui%2C17.5.5%2CN%3Bseo%2C17.5.3%2CN%3Bskyweb24.alreadygoing%2C1.0.0%2CN&reqm=boxsol.bitcorp%2Cbitrix.sitecorporate%2Cskyweb24.alreadygoing&fullmoduleinfo=Y&SUPD_SRS=RU&SUPD_CMP=N
2018-08-15 14:29:42 -  - exec CUpdateClientPartner::GetHTTPPage
2018-08-15 14:29:42 -  - TIME GetUpdatesList(request) 0.004 sec
2018-08-15 14:29:42 -  - exec CUpdateClientPartner::ParseServerData
2018-08-15 14:29:42 - UPSD02 - 
2018-08-15 14:29:42 - CUPSD - [UPSD02] Неопознанный ответ от сервера обновлений. 
2018-08-15 14:29:42 - GUL02 - [UPSD02] Неопознанный ответ от сервера обновлений. 
2018-08-15 14:30:16 -  - exec CUpdateClientPartner::GetUpdatesList
2018-08-15 14:30:16 -  - exec CUpdateClientPartner::__CollectRequestData
2018-08-15 14:30:16 -  - utf=Y&lang=ru&stable=Y&CANGZIP=Y&SUPD_DBS=MYSQL&XE=N&CLIENT_SITE=www.it-gorod.com&LICENSE_KEY=X&SUPD_STS=1&SUPD_URS=0&SUPD_URSA=1&TYPENC=E&CLIENT_PHPVER=7.0.30-0ubuntu0.16.04.1&NGINX=Y&dbv=5.7.21&instm=main%2C17.5.16%2CN%3Bb24connector%2C17.5.0%2CN%3Btranslate%2C16.0.0%2CN%3Bperfmon%2C17.0.1%2CN%3Bbitrixcloud%2C17.5.0%2CN%3Bsocialservices%2C17.5.4%2CN%3Bcompression%2C16.0.0%2CN%3Bclouds%2C17.0.2%2CN%3Bfileman%2C17.5.10%2CN%3Biblock%2C17.6.2%2CN%3Bambersite.independentmetatags%2C1.0.9%2CN%3Bboxsol.bitcorp%2C2.0.0%2CN%3Bsearch%2C17.5.0%2CN%3Bhighloadblock%2C17.5.0%2CN%3Bscale%2C17.5.0%2CN%3Bbitrix.sitecorporate%2C15.5.0%2CN%3Bui%2C17.5.5%2CN%3Bseo%2C17.5.3%2CN%3Bskyweb24.alreadygoing%2C1.0.0%2CN&reqm=ambersite.independentmetatags%2Cboxsol.bitcorp%2Cbitrix.sitecorporate%2Cskyweb24.alreadygoing&fullmoduleinfo=Y&SUPD_SRS=RU&SUPD_CMP=N
2018-08-15 14:30:16 -  - exec CUpdateClientPartner::GetHTTPPage
2018-08-15 14:30:16 -  - TIME GetUpdatesList(request) 0.004 sec
2018-08-15 14:30:16 -  - exec CUpdateClientPartner::ParseServerData
2018-08-15 14:30:16 - UPSD02 - 
2018-08-15 14:30:16 - CUPSD - [UPSD02] Неопознанный ответ от сервера обновлений. 
2018-08-15 14:30:16 - GUL02 - [UPSD02] Неопознанный ответ от сервера обновлений. 
2018-08-15 14:30:19 -  - exec CUpdateClientPartner::GetUpdatesList
2018-08-15 14:30:19 -  - exec CUpdateClientPartner::__CollectRequestData
2018-08-15 14:30:19 -  - utf=Y&lang=ru&stable=Y&CANGZIP=Y&SUPD_DBS=MYSQL&XE=N&CLIENT_SITE=www.it-gorod.com&LICENSE_KEY=X&SUPD_STS=1&SUPD_URS=0&SUPD_URSA=1&TYPENC=E&CLIENT_PHPVER=7.0.30-0ubuntu0.16.04.1&NGINX=Y&dbv=5.7.21&instm=main%2C17.5.16%2CN%3Bb24connector%2C17.5.0%2CN%3Btranslate%2C16.0.0%2CN%3Bperfmon%2C17.0.1%2CN%3Bbitrixcloud%2C17.5.0%2CN%3Bsocialservices%2C17.5.4%2CN%3Bcompression%2C16.0.0%2CN%3Bclouds%2C17.0.2%2CN%3Bfileman%2C17.5.10%2CN%3Biblock%2C17.6.2%2CN%3Bambersite.independentmetatags%2C1.0.9%2CN%3Bboxsol.bitcorp%2C2.0.0%2CN%3Bsearch%2C17.5.0%2CN%3Bhighloadblock%2C17.5.0%2CN%3Bscale%2C17.5.0%2CN%3Bbitrix.sitecorporate%2C15.5.0%2CN%3Bui%2C17.5.5%2CN%3Bseo%2C17.5.3%2CN%3Bskyweb24.alreadygoing%2C1.0.0%2CN&reqm=ambersite.independentmetatags%2Cboxsol.bitcorp%2Cbitrix.sitecorporate%2Cskyweb24.alreadygoing&fullmoduleinfo=Y&SUPD_SRS=RU&SUPD_CMP=N
2018-08-15 14:30:19 -  - exec CUpdateClientPartner::GetHTTPPage
2018-08-15 14:30:19 -  - TIME GetUpdatesList(request) 0.005 sec
2018-08-15 14:30:19 -  - exec CUpdateClientPartner::ParseServerData
2018-08-15 14:30:19 - UPSD02 - 
2018-08-15 14:30:19 - CUPSD - [UPSD02] Неопознанный ответ от сервера обновлений. 
2018-08-15 14:30:19 - GUL02 - [UPSD02] Неопознанный ответ от сервера обновлений. 
2018-08-15 14:30:20 -  - exec CUpdateClientPartner::GetUpdatesList
2018-08-15 14:30:20 -  - exec CUpdateClientPartner::__CollectRequestData
2018-08-15 14:30:20 -  - utf=Y&lang=ru&stable=Y&CANGZIP=Y&SUPD_DBS=MYSQL&XE=N&CLIENT_SITE=www.it-gorod.com&LICENSE_KEY=X&SUPD_STS=1&SUPD_URS=0&SUPD_URSA=1&TYPENC=E&CLIENT_PHPVER=7.0.30-0ubuntu0.16.04.1&NGINX=Y&dbv=5.7.21&instm=main%2C17.5.16%2CN%3Bb24connector%2C17.5.0%2CN%3Btranslate%2C16.0.0%2CN%3Bperfmon%2C17.0.1%2CN%3Bbitrixcloud%2C17.5.0%2CN%3Bsocialservices%2C17.5.4%2CN%3Bcompression%2C16.0.0%2CN%3Bclouds%2C17.0.2%2CN%3Bfileman%2C17.5.10%2CN%3Biblock%2C17.6.2%2CN%3Bambersite.independentmetatags%2C1.0.9%2CN%3Bboxsol.bitcorp%2C2.0.0%2CN%3Bsearch%2C17.5.0%2CN%3Bhighloadblock%2C17.5.0%2CN%3Bscale%2C17.5.0%2CN%3Bbitrix.sitecorporate%2C15.5.0%2CN%3Bui%2C17.5.5%2CN%3Bseo%2C17.5.3%2CN%3Bskyweb24.alreadygoing%2C1.0.0%2CN&reqm=ambersite.independentmetatags%2Cboxsol.bitcorp%2Cbitrix.sitecorporate%2Cskyweb24.alreadygoing&fullmoduleinfo=Y&SUPD_SRS=RU&SUPD_CMP=N
2018-08-15 14:30:20 -  - exec CUpdateClientPartner::GetHTTPPage
2018-08-15 14:30:20 -  - TIME GetUpdatesList(request) 0.005 sec
2018-08-15 14:30:20 -  - exec CUpdateClientPartner::ParseServerData
2018-08-15 14:30:20 - UPSD02 - 
2018-08-15 14:30:20 - CUPSD - [UPSD02] Неопознанный ответ от сервера обновлений. 
2018-08-15 14:30:20 - GUL02 - [UPSD02] Неопознанный ответ от сервера обновлений. 
2018-09-05 15:57:19 -  - exec CUpdateClientPartner::GetUpdatesList
2018-09-05 15:57:19 -  - exec CUpdateClientPartner::__CollectRequestData
2018-09-05 15:57:19 -  - utf=Y&lang=ru&stable=Y&CANGZIP=Y&SUPD_DBS=MYSQL&XE=N&CLIENT_SITE=www.it-gorod.com&LICENSE_KEY=X&SUPD_STS=1&SUPD_URS=0&SUPD_URSA=1&TYPENC=E&CLIENT_PHPVER=7.0.30-0ubuntu0.16.04.1&NGINX=Y&dbv=5.7.21&instm=main%2C17.5.16%2CN%3Bb24connector%2C17.5.0%2CN%3Btranslate%2C16.0.0%2CN%3Bperfmon%2C17.0.1%2CN%3Bbitrixcloud%2C17.5.0%2CN%3Bsocialservices%2C17.5.4%2CN%3Bcompression%2C16.0.0%2CN%3Bclouds%2C17.0.2%2CN%3Bfileman%2C17.5.10%2CN%3Biblock%2C17.6.2%2CN%3Bambersite.independentmetatags%2C1.0.9%2CN%3Bboxsol.bitcorp%2C2.0.0%2CN%3Bsearch%2C17.5.0%2CN%3Bhighloadblock%2C17.5.0%2CN%3Bscale%2C17.5.0%2CN%3Binfospice.search%2C3.1.0%2CN%3Bbitrix.sitecorporate%2C15.5.0%2CN%3Bui%2C17.5.5%2CN%3Bseo%2C17.5.3%2CN%3Bskyweb24.alreadygoing%2C1.0.0%2CN&reqm=ambersite.independentmetatags%2Cboxsol.bitcorp%2Cinfospice.search%2Cbitrix.sitecorporate%2Cskyweb24.alreadygoing&fullmoduleinfo=Y&SUPD_SRS=RU&SUPD_CMP=N
2018-09-05 15:57:19 -  - exec CUpdateClientPartner::GetHTTPPage
2018-09-05 15:57:19 -  - TIME GetUpdatesList(request) 0.006 sec
2018-09-05 15:57:19 -  - exec CUpdateClientPartner::ParseServerData
2018-09-05 15:57:19 - UPSD02 - 
2018-09-05 15:57:19 - CUPSD - [UPSD02] Неопознанный ответ от сервера обновлений. 
2018-09-05 15:57:19 - GUL02 - [UPSD02] Неопознанный ответ от сервера обновлений. 
2018-09-05 15:57:22 -  - exec CUpdateClientPartner::GetUpdatesList
2018-09-05 15:57:22 -  - exec CUpdateClientPartner::__CollectRequestData
2018-09-05 15:57:22 -  - utf=Y&lang=ru&stable=Y&CANGZIP=Y&SUPD_DBS=MYSQL&XE=N&CLIENT_SITE=www.it-gorod.com&LICENSE_KEY=X&SUPD_STS=1&SUPD_URS=0&SUPD_URSA=1&TYPENC=E&CLIENT_PHPVER=7.0.30-0ubuntu0.16.04.1&NGINX=Y&dbv=5.7.21&instm=main%2C17.5.16%2CN%3Bb24connector%2C17.5.0%2CN%3Btranslate%2C16.0.0%2CN%3Bperfmon%2C17.0.1%2CN%3Bbitrixcloud%2C17.5.0%2CN%3Bsocialservices%2C17.5.4%2CN%3Bcompression%2C16.0.0%2CN%3Bclouds%2C17.0.2%2CN%3Bfileman%2C17.5.10%2CN%3Biblock%2C17.6.2%2CN%3Bambersite.independentmetatags%2C1.0.9%2CN%3Bboxsol.bitcorp%2C2.0.0%2CN%3Bsearch%2C17.5.0%2CN%3Bhighloadblock%2C17.5.0%2CN%3Bscale%2C17.5.0%2CN%3Binfospice.search%2C3.1.0%2CN%3Bbitrix.sitecorporate%2C15.5.0%2CN%3Bui%2C17.5.5%2CN%3Bseo%2C17.5.3%2CN%3Bskyweb24.alreadygoing%2C1.0.0%2CN&reqm=ambersite.independentmetatags%2Cboxsol.bitcorp%2Cinfospice.search%2Cbitrix.sitecorporate%2Cskyweb24.alreadygoing&fullmoduleinfo=Y&SUPD_SRS=RU&SUPD_CMP=N
2018-09-05 15:57:22 -  - exec CUpdateClientPartner::GetHTTPPage
2018-09-05 15:57:22 -  - TIME GetUpdatesList(request) 0.004 sec
2018-09-05 15:57:22 -  - exec CUpdateClientPartner::ParseServerData
2018-09-05 15:57:22 - UPSD02 - 
2018-09-05 15:57:22 - CUPSD - [UPSD02] Неопознанный ответ от сервера обновлений. 
2018-09-05 15:57:22 - GUL02 - [UPSD02] Неопознанный ответ от сервера обновлений. 
2018-10-09 10:41:01 -  - exec CUpdateClientPartner::GetUpdatesList
2018-10-09 10:41:01 -  - exec CUpdateClientPartner::__CollectRequestData
2018-10-09 10:41:01 -  - utf=Y&lang=ru&stable=Y&CANGZIP=Y&SUPD_DBS=MYSQL&XE=N&CLIENT_SITE=www.it-gorod.com&LICENSE_KEY=X&SUPD_STS=1&SUPD_URS=0&SUPD_URSA=1&TYPENC=E&CLIENT_PHPVER=7.0.30-0ubuntu0.16.04.1&NGINX=Y&dbv=5.7.21&instm=main%2C17.5.16%2CN%3Bb24connector%2C17.5.0%2CN%3Btranslate%2C16.0.0%2CN%3Bperfmon%2C17.0.1%2CN%3Bbitrixcloud%2C17.5.0%2CN%3Bsocialservices%2C17.5.4%2CN%3Bcompression%2C16.0.0%2CN%3Bclouds%2C17.0.2%2CN%3Bfileman%2C17.5.10%2CN%3Biblock%2C17.6.2%2CN%3Bambersite.independentmetatags%2C1.0.9%2CN%3Bboxsol.bitcorp%2C2.0.0%2CN%3Bsearch%2C17.5.0%2CN%3Bhighloadblock%2C17.5.0%2CN%3Bscale%2C17.5.0%2CN%3Binfospice.search%2C3.1.0%2CN%3Bbitrix.sitecorporate%2C15.5.0%2CN%3Bui%2C17.5.5%2CN%3Bseo%2C17.5.3%2CN%3Bskyweb24.alreadygoing%2C1.0.0%2CN%3Bsva.tinypng%2C1.2.6%2CN&reqm=ambersite.independentmetatags%2Cboxsol.bitcorp%2Cinfospice.search%2Cbitrix.sitecorporate%2Cskyweb24.alreadygoing%2Csva.tinypng&fullmoduleinfo=Y&SUPD_SRS=RU&SUPD_CMP=N
2018-10-09 10:41:01 -  - exec CUpdateClientPartner::GetHTTPPage
2018-10-09 10:41:01 -  - TIME GetUpdatesList(request) 0.006 sec
2018-10-09 10:41:01 -  - exec CUpdateClientPartner::ParseServerData
2018-10-09 10:41:01 - UPSD02 - 
2018-10-09 10:41:01 - CUPSD - [UPSD02] Неопознанный ответ от сервера обновлений. 
2018-10-09 10:41:01 - GUL02 - [UPSD02] Неопознанный ответ от сервера обновлений. 
2018-10-09 10:41:05 -  - exec CUpdateClientPartner::GetUpdatesList
2018-10-09 10:41:05 -  - exec CUpdateClientPartner::__CollectRequestData
2018-10-09 10:41:05 -  - utf=Y&lang=ru&stable=Y&CANGZIP=Y&SUPD_DBS=MYSQL&XE=N&CLIENT_SITE=www.it-gorod.com&LICENSE_KEY=X&SUPD_STS=1&SUPD_URS=0&SUPD_URSA=1&TYPENC=E&CLIENT_PHPVER=7.0.30-0ubuntu0.16.04.1&NGINX=Y&dbv=5.7.21&instm=main%2C17.5.16%2CN%3Bb24connector%2C17.5.0%2CN%3Btranslate%2C16.0.0%2CN%3Bperfmon%2C17.0.1%2CN%3Bbitrixcloud%2C17.5.0%2CN%3Bsocialservices%2C17.5.4%2CN%3Bcompression%2C16.0.0%2CN%3Bclouds%2C17.0.2%2CN%3Bfileman%2C17.5.10%2CN%3Biblock%2C17.6.2%2CN%3Bambersite.independentmetatags%2C1.0.9%2CN%3Bboxsol.bitcorp%2C2.0.0%2CN%3Bsearch%2C17.5.0%2CN%3Bhighloadblock%2C17.5.0%2CN%3Bscale%2C17.5.0%2CN%3Binfospice.search%2C3.1.0%2CN%3Bbitrix.sitecorporate%2C15.5.0%2CN%3Bui%2C17.5.5%2CN%3Bseo%2C17.5.3%2CN%3Bskyweb24.alreadygoing%2C1.0.0%2CN%3Bsva.tinypng%2C1.2.6%2CN&reqm=ambersite.independentmetatags%2Cboxsol.bitcorp%2Cinfospice.search%2Cbitrix.sitecorporate%2Cskyweb24.alreadygoing%2Csva.tinypng&fullmoduleinfo=Y&SUPD_SRS=RU&SUPD_CMP=N
2018-10-09 10:41:05 -  - exec CUpdateClientPartner::GetHTTPPage
2018-10-09 10:41:05 -  - TIME GetUpdatesList(request) 0.012 sec
2018-10-09 10:41:05 -  - exec CUpdateClientPartner::ParseServerData
2018-10-09 10:41:05 - UPSD02 - 
2018-10-09 10:41:05 - CUPSD - [UPSD02] Неопознанный ответ от сервера обновлений. 
2018-10-09 10:41:05 - GUL02 - [UPSD02] Неопознанный ответ от сервера обновлений. 
2018-10-18 13:09:13 -  - exec CUpdateClientPartner::GetUpdatesList
2018-10-18 13:09:13 -  - exec CUpdateClientPartner::__CollectRequestData
2018-10-18 13:09:13 -  - utf=Y&lang=ru&stable=Y&CANGZIP=Y&SUPD_DBS=MYSQL&XE=N&CLIENT_SITE=www.it-gorod.com&LICENSE_KEY=X&SUPD_STS=1&SUPD_URS=0&SUPD_URSA=1&TYPENC=E&CLIENT_PHPVER=7.0.30-0ubuntu0.16.04.1&NGINX=Y&dbv=5.7.21&instm=main%2C17.5.16%2CN%3Bb24connector%2C17.5.0%2CN%3Btranslate%2C16.0.0%2CN%3Bperfmon%2C17.0.1%2CN%3Bbitrixcloud%2C17.5.0%2CN%3Bsocialservices%2C17.5.4%2CN%3Bcompression%2C16.0.0%2CN%3Bclouds%2C17.0.2%2CN%3Bfileman%2C17.5.10%2CN%3Biblock%2C17.6.2%2CN%3Bambersite.independentmetatags%2C1.0.9%2CN%3Bboxsol.bitcorp%2C2.0.0%2CN%3Bsearch%2C17.5.0%2CN%3Bhighloadblock%2C17.5.0%2CN%3Bscale%2C17.5.0%2CN%3Binfospice.search%2C3.1.0%2CN%3Bbitrix.sitecorporate%2C15.5.0%2CN%3Bui%2C17.5.5%2CN%3Bseo%2C17.5.3%2CN%3Bskyweb24.alreadygoing%2C1.0.0%2CN%3Bsva.tinypng%2C1.2.6%2CN&reqm=ambersite.independentmetatags%2Cboxsol.bitcorp%2Cinfospice.search%2Cbitrix.sitecorporate%2Cskyweb24.alreadygoing%2Csva.tinypng&fullmoduleinfo=Y&SUPD_SRS=RU&SUPD_CMP=N
2018-10-18 13:09:13 -  - exec CUpdateClientPartner::GetHTTPPage
2018-10-18 13:09:13 -  - TIME GetUpdatesList(request) 0.006 sec
2018-10-18 13:09:13 -  - exec CUpdateClientPartner::ParseServerData
2018-10-18 13:09:13 - UPSD02 - 
2018-10-18 13:09:13 - CUPSD - [UPSD02] Неопознанный ответ от сервера обновлений. 
2018-10-18 13:09:13 - GUL02 - [UPSD02] Неопознанный ответ от сервера обновлений. 
2018-11-15 18:51:10 -  - exec CUpdateClientPartner::GetUpdatesList
2018-11-15 18:51:10 -  - exec CUpdateClientPartner::__CollectRequestData
2018-11-15 18:51:10 -  - utf=Y&lang=ru&stable=Y&CANGZIP=Y&SUPD_DBS=MYSQL&XE=N&CLIENT_SITE=www.it-gorod.com&LICENSE_KEY=X&SUPD_STS=1&SUPD_URS=0&SUPD_URSA=1&TYPENC=E&CLIENT_PHPVER=7.0.30-0ubuntu0.16.04.1&NGINX=Y&dbv=5.7.21&instm=main%2C17.5.16%2CN%3Bb24connector%2C17.5.0%2CN%3Bvettich.devform%2C1.1.3%2CN%3Btranslate%2C16.0.0%2CN%3Bperfmon%2C17.0.1%2CN%3Bbitrixcloud%2C17.5.0%2CN%3Bsocialservices%2C17.5.4%2CN%3Bcompression%2C16.0.0%2CN%3Bclouds%2C17.0.2%2CN%3Bfileman%2C17.5.10%2CN%3Biblock%2C17.6.2%2CN%3Bambersite.independentmetatags%2C1.0.9%2CN%3Bboxsol.bitcorp%2C2.0.0%2CN%3Bsearch%2C17.5.0%2CN%3Bhighloadblock%2C17.5.0%2CN%3Bscale%2C17.5.0%2CN%3Binfospice.search%2C3.1.0%2CN%3Bbitrix.sitecorporate%2C15.5.0%2CN%3Bui%2C17.5.5%2CN%3Bseo%2C17.5.3%2CN%3Bskyweb24.alreadygoing%2C1.0.0%2CN%3Bsva.tinypng%2C1.2.6%2CN&reqm=vettich.devform%2Cambersite.independentmetatags%2Cboxsol.bitcorp%2Cinfospice.search%2Cbitrix.sitecorporate%2Cskyweb24.alreadygoing%2Csva.tinypng&fullmoduleinfo=Y&SUPD_SRS=RU&SUPD_CMP=Y
2018-11-15 18:51:10 -  - exec CUpdateClientPartner::GetHTTPPage
2018-11-15 18:51:10 -  - TIME GetUpdatesList(request) 0.005 sec
2018-11-15 18:51:10 -  - exec CUpdateClientPartner::ParseServerData
2018-11-15 18:51:10 - UPSD02 - 
2018-11-15 18:51:10 - CUPSD - [UPSD02] Неопознанный ответ от сервера обновлений. 
2018-11-15 18:51:10 - GUL02 - [UPSD02] Неопознанный ответ от сервера обновлений. 
2018-11-15 18:51:17 -  - exec CUpdateClientPartner::GetUpdatesList
2018-11-15 18:51:17 -  - exec CUpdateClientPartner::__CollectRequestData
2018-11-15 18:51:17 -  - utf=Y&lang=ru&stable=Y&CANGZIP=Y&SUPD_DBS=MYSQL&XE=N&CLIENT_SITE=www.it-gorod.com&LICENSE_KEY=X&SUPD_STS=1&SUPD_URS=0&SUPD_URSA=1&TYPENC=E&CLIENT_PHPVER=7.0.30-0ubuntu0.16.04.1&NGINX=Y&dbv=5.7.21&instm=main%2C17.5.16%2CN%3Bb24connector%2C17.5.0%2CN%3Bvettich.devform%2C1.1.3%2CN%3Btranslate%2C16.0.0%2CN%3Bperfmon%2C17.0.1%2CN%3Bbitrixcloud%2C17.5.0%2CN%3Bsocialservices%2C17.5.4%2CN%3Bcompression%2C16.0.0%2CN%3Bclouds%2C17.0.2%2CN%3Bfileman%2C17.5.10%2CN%3Biblock%2C17.6.2%2CN%3Bambersite.independentmetatags%2C1.0.9%2CN%3Bboxsol.bitcorp%2C2.0.0%2CN%3Bsearch%2C17.5.0%2CN%3Bhighloadblock%2C17.5.0%2CN%3Bscale%2C17.5.0%2CN%3Binfospice.search%2C3.1.0%2CN%3Bbitrix.sitecorporate%2C15.5.0%2CN%3Bui%2C17.5.5%2CN%3Bseo%2C17.5.3%2CN%3Bskyweb24.alreadygoing%2C1.0.0%2CN%3Bsva.tinypng%2C1.2.6%2CN&reqm=vettich.devform%2Cambersite.independentmetatags%2Cboxsol.bitcorp%2Cinfospice.search%2Cbitrix.sitecorporate%2Cskyweb24.alreadygoing%2Csva.tinypng&fullmoduleinfo=Y&SUPD_SRS=RU&SUPD_CMP=Y
2018-11-15 18:51:17 -  - exec CUpdateClientPartner::GetHTTPPage
2018-11-15 18:51:17 -  - TIME GetUpdatesList(request) 0.007 sec
2018-11-15 18:51:17 -  - exec CUpdateClientPartner::ParseServerData
2018-11-15 18:51:17 - UPSD02 - 
2018-11-15 18:51:17 - CUPSD - [UPSD02] Неопознанный ответ от сервера обновлений. 
2018-11-15 18:51:17 - GUL02 - [UPSD02] Неопознанный ответ от сервера обновлений. 
2018-11-15 18:51:17 -  - exec CUpdateClientPartner::GetUpdatesList
2018-11-15 18:51:17 -  - exec CUpdateClientPartner::__CollectRequestData
2018-11-15 18:51:17 -  - utf=Y&lang=ru&stable=Y&CANGZIP=Y&SUPD_DBS=MYSQL&XE=N&CLIENT_SITE=www.it-gorod.com&LICENSE_KEY=X&SUPD_STS=1&SUPD_URS=0&SUPD_URSA=1&TYPENC=E&CLIENT_PHPVER=7.0.30-0ubuntu0.16.04.1&NGINX=Y&dbv=5.7.21&instm=main%2C17.5.16%2CN%3Bb24connector%2C17.5.0%2CN%3Bvettich.devform%2C1.1.3%2CN%3Btranslate%2C16.0.0%2CN%3Bperfmon%2C17.0.1%2CN%3Bbitrixcloud%2C17.5.0%2CN%3Bsocialservices%2C17.5.4%2CN%3Bcompression%2C16.0.0%2CN%3Bclouds%2C17.0.2%2CN%3Bfileman%2C17.5.10%2CN%3Biblock%2C17.6.2%2CN%3Bambersite.independentmetatags%2C1.0.9%2CN%3Bboxsol.bitcorp%2C2.0.0%2CN%3Bsearch%2C17.5.0%2CN%3Bhighloadblock%2C17.5.0%2CN%3Bscale%2C17.5.0%2CN%3Binfospice.search%2C3.1.0%2CN%3Bbitrix.sitecorporate%2C15.5.0%2CN%3Bui%2C17.5.5%2CN%3Bseo%2C17.5.3%2CN%3Bskyweb24.alreadygoing%2C1.0.0%2CN%3Bsva.tinypng%2C1.2.6%2CN&reqm=vettich.devform%2Cambersite.independentmetatags%2Cboxsol.bitcorp%2Cinfospice.search%2Cbitrix.sitecorporate%2Cskyweb24.alreadygoing%2Csva.tinypng&fullmoduleinfo=Y&SUPD_SRS=RU&SUPD_CMP=Y
2018-11-15 18:51:17 -  - exec CUpdateClientPartner::GetHTTPPage
2018-11-15 18:51:17 -  - TIME GetUpdatesList(request) 0.007 sec
2018-11-15 18:51:17 -  - exec CUpdateClientPartner::ParseServerData
2018-11-15 18:51:17 - UPSD02 - 
2018-11-15 18:51:17 - CUPSD - [UPSD02] Неопознанный ответ от сервера обновлений. 
2018-11-15 18:51:17 - GUL02 - [UPSD02] Неопознанный ответ от сервера обновлений. 
2018-11-15 18:53:23 -  - exec CUpdateClientPartner::GetUpdatesList
2018-11-15 18:53:23 -  - exec CUpdateClientPartner::__CollectRequestData
2018-11-15 18:53:23 -  - utf=Y&lang=ru&stable=Y&CANGZIP=Y&SUPD_DBS=MYSQL&XE=N&CLIENT_SITE=www.it-gorod.com&LICENSE_KEY=X&SUPD_STS=1&SUPD_URS=0&SUPD_URSA=1&TYPENC=E&CLIENT_PHPVER=7.0.30-0ubuntu0.16.04.1&NGINX=Y&dbv=5.7.21&instm=main%2C17.5.16%2CN%3Bb24connector%2C17.5.0%2CN%3Bvettich.devform%2C1.1.3%2CN%3Btranslate%2C16.0.0%2CN%3Bperfmon%2C17.0.1%2CN%3Bbitrixcloud%2C17.5.0%2CN%3Bsocialservices%2C17.5.4%2CN%3Bcompression%2C16.0.0%2CN%3Bclouds%2C17.0.2%2CN%3Bfileman%2C17.5.10%2CN%3Biblock%2C17.6.2%2CN%3Bambersite.independentmetatags%2C1.0.9%2CN%3Bboxsol.bitcorp%2C2.0.0%2CN%3Bsearch%2C17.5.0%2CN%3Bhighloadblock%2C17.5.0%2CN%3Bscale%2C17.5.0%2CN%3Binfospice.search%2C3.1.0%2CN%3Bbitrix.sitecorporate%2C15.5.0%2CN%3Bui%2C17.5.5%2CN%3Bseo%2C17.5.3%2CN%3Bskyweb24.alreadygoing%2C1.0.0%2CN%3Bsva.tinypng%2C1.2.6%2CN&reqm=vettich.devform%2Cambersite.independentmetatags%2Cboxsol.bitcorp%2Cinfospice.search%2Cbitrix.sitecorporate%2Cskyweb24.alreadygoing%2Csva.tinypng&fullmoduleinfo=Y&SUPD_SRS=RU&SUPD_CMP=Y
2018-11-15 18:53:23 -  - exec CUpdateClientPartner::GetHTTPPage
2018-11-15 18:53:23 -  - TIME GetUpdatesList(request) 0.023 sec
2018-11-15 18:53:23 -  - exec CUpdateClientPartner::ParseServerData
2018-11-15 18:53:23 - UPSD02 - 
2018-11-15 18:53:23 - CUPSD - [UPSD02] Неопознанный ответ от сервера обновлений. 
2018-11-15 18:53:23 - GUL02 - [UPSD02] Неопознанный ответ от сервера обновлений. 
2018-12-07 17:05:11 -  - exec CUpdateClientPartner::GetUpdatesList
2018-12-07 17:05:11 -  - exec CUpdateClientPartner::__CollectRequestData
2018-12-07 17:05:11 -  - utf=Y&lang=ru&stable=Y&CANGZIP=Y&SUPD_DBS=MYSQL&XE=N&CLIENT_SITE=www.it-gorod.com&LICENSE_KEY=X&SUPD_STS=1&SUPD_URS=0&SUPD_URSA=1&TYPENC=E&CLIENT_PHPVER=7.0.32-0ubuntu0.16.04.1&NGINX=Y&dbv=5.7.21&instm=main%2C17.5.16%2CN%3Bconcept.quiz%2C2.0.14%2CN%3Bb24connector%2C17.5.0%2CN%3Bvettich.devform%2C1.1.3%2CN%3Btranslate%2C16.0.0%2CN%3Bperfmon%2C17.0.1%2CN%3Bbitrixcloud%2C17.5.0%2CN%3Bsocialservices%2C17.5.4%2CN%3Bcompression%2C16.0.0%2CN%3Bclouds%2C17.0.2%2CN%3Bfileman%2C17.5.10%2CN%3Biblock%2C17.6.2%2CN%3Bambersite.independentmetatags%2C1.0.9%2CN%3Bboxsol.bitcorp%2C2.0.0%2CN%3Bsearch%2C17.5.0%2CN%3Bhighloadblock%2C17.5.0%2CN%3Bscale%2C17.5.0%2CN%3Binfospice.search%2C3.1.0%2CN%3Bbitrix.sitecorporate%2C15.5.0%2CN%3Bui%2C17.5.5%2CN%3Bseo%2C17.5.3%2CN%3Bskyweb24.alreadygoing%2C1.0.0%2CN%3Bsva.tinypng%2C1.2.6%2CN&reqm=concept.quiz%2Cvettich.devform%2Cambersite.independentmetatags%2Cboxsol.bitcorp%2Cinfospice.search%2Cbitrix.sitecorporate%2Cskyweb24.alreadygoing%2Csva.tinypng&fullmoduleinfo=Y&SUPD_SRS=RU&SUPD_CMP=Y
2018-12-07 17:05:11 -  - exec CUpdateClientPartner::GetHTTPPage
2018-12-07 17:05:11 -  - TIME GetUpdatesList(request) 0.002 sec
2018-12-07 17:05:11 -  - exec CUpdateClientPartner::ParseServerData
2018-12-07 17:05:11 - UPSD02 - 
2018-12-07 17:05:11 - CUPSD - [UPSD02] Неопознанный ответ от сервера обновлений. 
2018-12-07 17:05:11 - GUL02 - [UPSD02] Неопознанный ответ от сервера обновлений. 
2018-12-07 17:05:16 -  - exec CUpdateClientPartner::GetUpdatesList
2018-12-07 17:05:16 -  - exec CUpdateClientPartner::__CollectRequestData
2018-12-07 17:05:16 -  - utf=Y&lang=ru&stable=Y&CANGZIP=Y&SUPD_DBS=MYSQL&XE=N&CLIENT_SITE=www.it-gorod.com&LICENSE_KEY=X&SUPD_STS=1&SUPD_URS=0&SUPD_URSA=1&TYPENC=E&CLIENT_PHPVER=7.0.32-0ubuntu0.16.04.1&NGINX=Y&dbv=5.7.21&instm=main%2C17.5.16%2CN%3Bconcept.quiz%2C2.0.14%2CN%3Bb24connector%2C17.5.0%2CN%3Bvettich.devform%2C1.1.3%2CN%3Btranslate%2C16.0.0%2CN%3Bperfmon%2C17.0.1%2CN%3Bbitrixcloud%2C17.5.0%2CN%3Bsocialservices%2C17.5.4%2CN%3Bcompression%2C16.0.0%2CN%3Bclouds%2C17.0.2%2CN%3Bfileman%2C17.5.10%2CN%3Biblock%2C17.6.2%2CN%3Bambersite.independentmetatags%2C1.0.9%2CN%3Bboxsol.bitcorp%2C2.0.0%2CN%3Bsearch%2C17.5.0%2CN%3Bhighloadblock%2C17.5.0%2CN%3Bscale%2C17.5.0%2CN%3Binfospice.search%2C3.1.0%2CN%3Bbitrix.sitecorporate%2C15.5.0%2CN%3Bui%2C17.5.5%2CN%3Bseo%2C17.5.3%2CN%3Bskyweb24.alreadygoing%2C1.0.0%2CN%3Bsva.tinypng%2C1.2.6%2CN&reqm=concept.quiz%2Cvettich.devform%2Cambersite.independentmetatags%2Cboxsol.bitcorp%2Cinfospice.search%2Cbitrix.sitecorporate%2Cskyweb24.alreadygoing%2Csva.tinypng&fullmoduleinfo=Y&SUPD_SRS=RU&SUPD_CMP=Y
2018-12-07 17:05:16 -  - exec CUpdateClientPartner::GetHTTPPage
2018-12-07 17:05:16 -  - TIME GetUpdatesList(request) 0.001 sec
2018-12-07 17:05:16 -  - exec CUpdateClientPartner::ParseServerData
2018-12-07 17:05:16 - UPSD02 - 
2018-12-07 17:05:16 - CUPSD - [UPSD02] Неопознанный ответ от сервера обновлений. 
2018-12-07 17:05:16 - GUL02 - [UPSD02] Неопознанный ответ от сервера обновлений. 
2018-12-07 17:05:18 -  - exec CUpdateClientPartner::GetUpdatesList
2018-12-07 17:05:18 -  - exec CUpdateClientPartner::__CollectRequestData
2018-12-07 17:05:18 -  - utf=Y&lang=ru&stable=Y&CANGZIP=Y&SUPD_DBS=MYSQL&XE=N&CLIENT_SITE=www.it-gorod.com&LICENSE_KEY=X&SUPD_STS=1&SUPD_URS=0&SUPD_URSA=1&TYPENC=E&CLIENT_PHPVER=7.0.32-0ubuntu0.16.04.1&NGINX=Y&dbv=5.7.21&instm=main%2C17.5.16%2CN%3Bconcept.quiz%2C2.0.14%2CN%3Bb24connector%2C17.5.0%2CN%3Bvettich.devform%2C1.1.3%2CN%3Btranslate%2C16.0.0%2CN%3Bperfmon%2C17.0.1%2CN%3Bbitrixcloud%2C17.5.0%2CN%3Bsocialservices%2C17.5.4%2CN%3Bcompression%2C16.0.0%2CN%3Bclouds%2C17.0.2%2CN%3Bfileman%2C17.5.10%2CN%3Biblock%2C17.6.2%2CN%3Bambersite.independentmetatags%2C1.0.9%2CN%3Bboxsol.bitcorp%2C2.0.0%2CN%3Bsearch%2C17.5.0%2CN%3Bhighloadblock%2C17.5.0%2CN%3Bscale%2C17.5.0%2CN%3Binfospice.search%2C3.1.0%2CN%3Bbitrix.sitecorporate%2C15.5.0%2CN%3Bui%2C17.5.5%2CN%3Bseo%2C17.5.3%2CN%3Bskyweb24.alreadygoing%2C1.0.0%2CN%3Bsva.tinypng%2C1.2.6%2CN&reqm=concept.quiz%2Cvettich.devform%2Cambersite.independentmetatags%2Cboxsol.bitcorp%2Cinfospice.search%2Cbitrix.sitecorporate%2Cskyweb24.alreadygoing%2Csva.tinypng&fullmoduleinfo=Y&SUPD_SRS=RU&SUPD_CMP=Y
2018-12-07 17:05:18 -  - exec CUpdateClientPartner::GetHTTPPage
2018-12-07 17:05:18 -  - TIME GetUpdatesList(request) 0.001 sec
2018-12-07 17:05:18 -  - exec CUpdateClientPartner::ParseServerData
2018-12-07 17:05:18 - UPSD02 - 
2018-12-07 17:05:18 - CUPSD - [UPSD02] Неопознанный ответ от сервера обновлений. 
2018-12-07 17:05:18 - GUL02 - [UPSD02] Неопознанный ответ от сервера обновлений. 
2018-12-07 17:09:27 -  - exec CUpdateClientPartner::GetUpdatesList
2018-12-07 17:09:27 -  - exec CUpdateClientPartner::__CollectRequestData
2018-12-07 17:09:27 -  - utf=Y&lang=ru&stable=Y&CANGZIP=Y&SUPD_DBS=MYSQL&XE=N&CLIENT_SITE=www.it-gorod.com&LICENSE_KEY=X&SUPD_STS=1&SUPD_URS=0&SUPD_URSA=1&TYPENC=E&CLIENT_PHPVER=7.0.32-0ubuntu0.16.04.1&NGINX=Y&dbv=5.7.21&instm=main%2C17.5.16%2CN%3Bconcept.quiz%2C2.0.14%2CN%3Bb24connector%2C17.5.0%2CN%3Bvettich.devform%2C1.1.3%2CN%3Btranslate%2C16.0.0%2CN%3Bperfmon%2C17.0.1%2CN%3Bbitrixcloud%2C17.5.0%2CN%3Bsocialservices%2C17.5.4%2CN%3Bcompression%2C16.0.0%2CN%3Bclouds%2C17.0.2%2CN%3Bfileman%2C17.5.10%2CN%3Biblock%2C17.6.2%2CN%3Bambersite.independentmetatags%2C1.0.9%2CN%3Bboxsol.bitcorp%2C2.0.0%2CN%3Bsearch%2C17.5.0%2CN%3Bhighloadblock%2C17.5.0%2CN%3Bscale%2C17.5.0%2CN%3Binfospice.search%2C3.1.0%2CN%3Bbitrix.sitecorporate%2C15.5.0%2CN%3Bui%2C17.5.5%2CN%3Bseo%2C17.5.3%2CN%3Bskyweb24.alreadygoing%2C1.0.0%2CN%3Bsva.tinypng%2C1.2.6%2CN&reqm=concept.quiz%2Cvettich.devform%2Cambersite.independentmetatags%2Cboxsol.bitcorp%2Cinfospice.search%2Cbitrix.sitecorporate%2Cskyweb24.alreadygoing%2Csva.tinypng&fullmoduleinfo=Y&SUPD_SRS=RU&SUPD_CMP=Y
2018-12-07 17:09:27 -  - exec CUpdateClientPartner::GetHTTPPage
2018-12-07 17:09:27 -  - TIME GetUpdatesList(request) 0.001 sec
2018-12-07 17:09:27 -  - exec CUpdateClientPartner::ParseServerData
2018-12-07 17:09:27 - UPSD02 - 
2018-12-07 17:09:27 - CUPSD - [UPSD02] Неопознанный ответ от сервера обновлений. 
2018-12-07 17:09:27 - GUL02 - [UPSD02] Неопознанный ответ от сервера обновлений. 
2018-12-07 17:11:39 -  - exec CUpdateClientPartner::GetUpdatesList
2018-12-07 17:11:39 -  - exec CUpdateClientPartner::__CollectRequestData
2018-12-07 17:11:39 -  - utf=Y&lang=ru&stable=Y&CANGZIP=Y&SUPD_DBS=MYSQL&XE=N&CLIENT_SITE=www.it-gorod.com&LICENSE_KEY=X&SUPD_STS=1&SUPD_URS=0&SUPD_URSA=1&TYPENC=E&CLIENT_PHPVER=7.0.32-0ubuntu0.16.04.1&NGINX=Y&dbv=5.7.21&instm=main%2C17.5.16%2CN%3Bconcept.quiz%2C2.0.14%2CN%3Bb24connector%2C17.5.0%2CN%3Bvettich.devform%2C1.1.3%2CN%3Btranslate%2C16.0.0%2CN%3Bperfmon%2C17.0.1%2CN%3Bbitrixcloud%2C17.5.0%2CN%3Bsocialservices%2C17.5.4%2CN%3Bcompression%2C16.0.0%2CN%3Bclouds%2C17.0.2%2CN%3Bfileman%2C17.5.10%2CN%3Biblock%2C17.6.2%2CN%3Bambersite.independentmetatags%2C1.0.9%2CN%3Bboxsol.bitcorp%2C2.0.0%2CN%3Bsearch%2C17.5.0%2CN%3Bhighloadblock%2C17.5.0%2CN%3Bscale%2C17.5.0%2CN%3Binfospice.search%2C3.1.0%2CN%3Bbitrix.sitecorporate%2C15.5.0%2CN%3Bui%2C17.5.5%2CN%3Bseo%2C17.5.3%2CN%3Bskyweb24.alreadygoing%2C1.0.0%2CN%3Bsva.tinypng%2C1.2.6%2CN&reqm=concept.quiz%2Cvettich.devform%2Cambersite.independentmetatags%2Cboxsol.bitcorp%2Cinfospice.search%2Cbitrix.sitecorporate%2Cskyweb24.alreadygoing%2Csva.tinypng&fullmoduleinfo=Y&SUPD_SRS=RU&SUPD_CMP=Y
2018-12-07 17:11:39 -  - exec CUpdateClientPartner::GetHTTPPage
2018-12-07 17:11:39 -  - TIME GetUpdatesList(request) 0.001 sec
2018-12-07 17:11:39 -  - exec CUpdateClientPartner::ParseServerData
2018-12-07 17:11:39 - UPSD02 - 
2018-12-07 17:11:39 - CUPSD - [UPSD02] Неопознанный ответ от сервера обновлений. 
2018-12-07 17:11:39 - GUL02 - [UPSD02] Неопознанный ответ от сервера обновлений. 
2018-12-07 17:38:09 -  - exec CUpdateClientPartner::GetUpdatesList
2018-12-07 17:38:09 -  - exec CUpdateClientPartner::__CollectRequestData
2018-12-07 17:38:09 -  - utf=Y&lang=ru&stable=Y&CANGZIP=Y&SUPD_DBS=MYSQL&XE=N&CLIENT_SITE=www.it-gorod.com&LICENSE_KEY=X&SUPD_STS=1&SUPD_URS=0&SUPD_URSA=1&TYPENC=E&CLIENT_PHPVER=7.0.32-0ubuntu0.16.04.1&NGINX=Y&dbv=5.7.21&instm=main%2C17.5.16%2CN%3Bconcept.quiz%2C2.0.14%2CN%3Bb24connector%2C17.5.0%2CN%3Bvettich.devform%2C1.1.3%2CN%3Btranslate%2C16.0.0%2CN%3Bperfmon%2C17.0.1%2CN%3Bbitrixcloud%2C17.5.0%2CN%3Bsocialservices%2C17.5.4%2CN%3Bcompression%2C16.0.0%2CN%3Bclouds%2C17.0.2%2CN%3Bfileman%2C17.5.10%2CN%3Biblock%2C17.6.2%2CN%3Bambersite.independentmetatags%2C1.0.9%2CN%3Bboxsol.bitcorp%2C2.0.0%2CN%3Bsearch%2C17.5.0%2CN%3Bhighloadblock%2C17.5.0%2CN%3Bscale%2C17.5.0%2CN%3Binfospice.search%2C3.1.0%2CN%3Bbitrix.sitecorporate%2C15.5.0%2CN%3Bui%2C17.5.5%2CN%3Bseo%2C17.5.3%2CN%3Bskyweb24.alreadygoing%2C1.0.0%2CN%3Bsva.tinypng%2C1.2.6%2CN&reqm=concept.quiz%2Cvettich.devform%2Cambersite.independentmetatags%2Cboxsol.bitcorp%2Cinfospice.search%2Cbitrix.sitecorporate%2Cskyweb24.alreadygoing%2Csva.tinypng&fullmoduleinfo=Y&SUPD_SRS=RU&SUPD_CMP=Y
2018-12-07 17:38:09 -  - exec CUpdateClientPartner::GetHTTPPage
2018-12-07 17:38:09 -  - TIME GetUpdatesList(request) 0.003 sec
2018-12-07 17:38:09 -  - exec CUpdateClientPartner::ParseServerData
2018-12-07 17:38:09 - UPSD02 - 
2018-12-07 17:38:09 - CUPSD - [UPSD02] Неопознанный ответ от сервера обновлений. 
2018-12-07 17:38:09 - GUL02 - [UPSD02] Неопознанный ответ от сервера обновлений. 
2018-12-17 10:04:26 -  - exec CUpdateClientPartner::GetUpdatesList
2018-12-17 10:04:26 -  - exec CUpdateClientPartner::__CollectRequestData
2018-12-17 10:04:26 -  - utf=Y&lang=ru&stable=Y&CANGZIP=Y&SUPD_DBS=MYSQL&XE=N&CLIENT_SITE=www.it-gorod.com&LICENSE_KEY=X&SUPD_STS=1&SUPD_URS=0&SUPD_URSA=1&TYPENC=E&CLIENT_PHPVER=7.0.32-0ubuntu0.16.04.1&NGINX=Y&dbv=5.7.21&instm=main%2C17.5.16%2CN%3Bconcept.quiz%2C2.0.14%2CN%3Bb24connector%2C17.5.0%2CN%3Bvettich.devform%2C1.1.3%2CN%3Btranslate%2C16.0.0%2CN%3Bperfmon%2C17.0.1%2CN%3Bbitrixcloud%2C17.5.0%2CN%3Bsocialservices%2C17.5.4%2CN%3Bcompression%2C16.0.0%2CN%3Bclouds%2C17.0.2%2CN%3Bfileman%2C17.5.10%2CN%3Biblock%2C17.6.2%2CN%3Bambersite.independentmetatags%2C1.0.9%2CN%3Bboxsol.bitcorp%2C2.0.0%2CN%3Bwtc.easydirect%2C6.1.1%2CN%3Bsearch%2C17.5.0%2CN%3Bhighloadblock%2C17.5.0%2CN%3Bscale%2C17.5.0%2CN%3Binfospice.search%2C3.1.0%2CN%3Bbitrix.sitecorporate%2C15.5.0%2CN%3Bui%2C17.5.5%2CN%3Bseo%2C17.5.3%2CN%3Bskyweb24.alreadygoing%2C1.0.0%2CN%3Bsva.tinypng%2C1.2.6%2CN&reqm=concept.quiz%2Cvettich.devform%2Cambersite.independentmetatags%2Cboxsol.bitcorp%2Cwtc.easydirect%2Cinfospice.search%2Cbitrix.sitecorporate%2Cskyweb24.alreadygoing%2Csva.tinypng&fullmoduleinfo=Y&SUPD_SRS=RU&SUPD_CMP=Y
2018-12-17 10:04:26 -  - exec CUpdateClientPartner::GetHTTPPage
2018-12-17 10:04:26 -  - TIME GetUpdatesList(request) 0.002 sec
2018-12-17 10:04:26 -  - exec CUpdateClientPartner::ParseServerData
2018-12-17 10:04:26 - UPSD02 - 
2018-12-17 10:04:26 - CUPSD - [UPSD02] Неопознанный ответ от сервера обновлений. 
2018-12-17 10:04:26 - GUL02 - [UPSD02] Неопознанный ответ от сервера обновлений. 
2018-12-17 10:04:32 -  - exec CUpdateClientPartner::GetUpdatesList
2018-12-17 10:04:32 -  - exec CUpdateClientPartner::__CollectRequestData
2018-12-17 10:04:32 -  - utf=Y&lang=ru&stable=Y&CANGZIP=Y&SUPD_DBS=MYSQL&XE=N&CLIENT_SITE=www.it-gorod.com&LICENSE_KEY=X&SUPD_STS=1&SUPD_URS=0&SUPD_URSA=1&TYPENC=E&CLIENT_PHPVER=7.0.32-0ubuntu0.16.04.1&NGINX=Y&dbv=5.7.21&instm=main%2C17.5.16%2CN%3Bconcept.quiz%2C2.0.14%2CN%3Bb24connector%2C17.5.0%2CN%3Bvettich.devform%2C1.1.3%2CN%3Btranslate%2C16.0.0%2CN%3Bperfmon%2C17.0.1%2CN%3Bbitrixcloud%2C17.5.0%2CN%3Bsocialservices%2C17.5.4%2CN%3Bcompression%2C16.0.0%2CN%3Bclouds%2C17.0.2%2CN%3Bfileman%2C17.5.10%2CN%3Biblock%2C17.6.2%2CN%3Bambersite.independentmetatags%2C1.0.9%2CN%3Bboxsol.bitcorp%2C2.0.0%2CN%3Bwtc.easydirect%2C6.1.1%2CN%3Bsearch%2C17.5.0%2CN%3Bhighloadblock%2C17.5.0%2CN%3Bscale%2C17.5.0%2CN%3Binfospice.search%2C3.1.0%2CN%3Bbitrix.sitecorporate%2C15.5.0%2CN%3Bui%2C17.5.5%2CN%3Bseo%2C17.5.3%2CN%3Bskyweb24.alreadygoing%2C1.0.0%2CN%3Bsva.tinypng%2C1.2.6%2CN&reqm=concept.quiz%2Cvettich.devform%2Cambersite.independentmetatags%2Cboxsol.bitcorp%2Cwtc.easydirect%2Cinfospice.search%2Cbitrix.sitecorporate%2Cskyweb24.alreadygoing%2Csva.tinypng&fullmoduleinfo=Y&SUPD_SRS=RU&SUPD_CMP=Y
2018-12-17 10:04:32 -  - exec CUpdateClientPartner::GetHTTPPage
2018-12-17 10:04:32 -  - TIME GetUpdatesList(request) 0.002 sec
2018-12-17 10:04:32 -  - exec CUpdateClientPartner::ParseServerData
2018-12-17 10:04:32 - UPSD02 - 
2018-12-17 10:04:32 - CUPSD - [UPSD02] Неопознанный ответ от сервера обновлений. 
2018-12-17 10:04:32 - GUL02 - [UPSD02] Неопознанный ответ от сервера обновлений. 
2018-12-17 10:04:36 -  - exec CUpdateClientPartner::GetUpdatesList
2018-12-17 10:04:36 -  - exec CUpdateClientPartner::__CollectRequestData
2018-12-17 10:04:36 -  - utf=Y&lang=ru&stable=Y&CANGZIP=Y&SUPD_DBS=MYSQL&XE=N&CLIENT_SITE=www.it-gorod.com&LICENSE_KEY=X&SUPD_STS=1&SUPD_URS=0&SUPD_URSA=1&TYPENC=E&CLIENT_PHPVER=7.0.32-0ubuntu0.16.04.1&NGINX=Y&dbv=5.7.21&instm=main%2C17.5.16%2CN%3Bconcept.quiz%2C2.0.14%2CN%3Bb24connector%2C17.5.0%2CN%3Bvettich.devform%2C1.1.3%2CN%3Btranslate%2C16.0.0%2CN%3Bperfmon%2C17.0.1%2CN%3Bbitrixcloud%2C17.5.0%2CN%3Bsocialservices%2C17.5.4%2CN%3Bcompression%2C16.0.0%2CN%3Bclouds%2C17.0.2%2CN%3Bfileman%2C17.5.10%2CN%3Biblock%2C17.6.2%2CN%3Bambersite.independentmetatags%2C1.0.9%2CN%3Bboxsol.bitcorp%2C2.0.0%2CN%3Bwtc.easydirect%2C6.1.1%2CN%3Bsearch%2C17.5.0%2CN%3Bhighloadblock%2C17.5.0%2CN%3Bscale%2C17.5.0%2CN%3Binfospice.search%2C3.1.0%2CN%3Bbitrix.sitecorporate%2C15.5.0%2CN%3Bui%2C17.5.5%2CN%3Bseo%2C17.5.3%2CN%3Bskyweb24.alreadygoing%2C1.0.0%2CN%3Bsva.tinypng%2C1.2.6%2CN&reqm=concept.quiz%2Cvettich.devform%2Cambersite.independentmetatags%2Cboxsol.bitcorp%2Cwtc.easydirect%2Cinfospice.search%2Cbitrix.sitecorporate%2Cskyweb24.alreadygoing%2Csva.tinypng&fullmoduleinfo=Y&SUPD_SRS=RU&SUPD_CMP=Y
2018-12-17 10:04:36 -  - exec CUpdateClientPartner::GetHTTPPage
2018-12-17 10:04:36 -  - TIME GetUpdatesList(request) 0.001 sec
2018-12-17 10:04:36 -  - exec CUpdateClientPartner::ParseServerData
2018-12-17 10:04:36 - UPSD02 - 
2018-12-17 10:04:36 - CUPSD - [UPSD02] Неопознанный ответ от сервера обновлений. 
2018-12-17 10:04:36 - GUL02 - [UPSD02] Неопознанный ответ от сервера обновлений. 
2018-12-17 10:17:46 -  - exec CUpdateClientPartner::GetUpdatesList
2018-12-17 10:17:46 -  - exec CUpdateClientPartner::__CollectRequestData
2018-12-17 10:17:46 -  - utf=Y&lang=ru&stable=Y&CANGZIP=Y&SUPD_DBS=MYSQL&XE=N&CLIENT_SITE=www.it-gorod.com&LICENSE_KEY=X&SUPD_STS=1&SUPD_URS=0&SUPD_URSA=1&TYPENC=E&CLIENT_PHPVER=7.0.32-0ubuntu0.16.04.1&NGINX=Y&dbv=5.7.21&instm=main%2C17.5.16%2CN%3Bconcept.quiz%2C2.0.14%2CN%3Bb24connector%2C17.5.0%2CN%3Bvettich.devform%2C1.1.3%2CN%3Btranslate%2C16.0.0%2CN%3Bperfmon%2C17.0.1%2CN%3Bbitrixcloud%2C17.5.0%2CN%3Bsocialservices%2C17.5.4%2CN%3Bcompression%2C16.0.0%2CN%3Bclouds%2C17.0.2%2CN%3Bfileman%2C17.5.10%2CN%3Biblock%2C17.6.2%2CN%3Bambersite.independentmetatags%2C1.0.9%2CN%3Bboxsol.bitcorp%2C2.0.0%2CN%3Bwtc.easydirect%2C6.1.1%2CN%3Bsearch%2C17.5.0%2CN%3Bhighloadblock%2C17.5.0%2CN%3Bscale%2C17.5.0%2CN%3Binfospice.search%2C3.1.0%2CN%3Bbitrix.sitecorporate%2C15.5.0%2CN%3Bui%2C17.5.5%2CN%3Bseo%2C17.5.3%2CN%3Bskyweb24.alreadygoing%2C1.0.0%2CN%3Bsva.tinypng%2C1.2.6%2CN&reqm=concept.quiz%2Cvettich.devform%2Cambersite.independentmetatags%2Cboxsol.bitcorp%2Cwtc.easydirect%2Cinfospice.search%2Cbitrix.sitecorporate%2Cskyweb24.alreadygoing%2Csva.tinypng&fullmoduleinfo=Y&SUPD_SRS=RU&SUPD_CMP=Y
2018-12-17 10:17:46 -  - exec CUpdateClientPartner::GetHTTPPage
2018-12-17 10:17:46 -  - TIME GetUpdatesList(request) 0.001 sec
2018-12-17 10:17:46 -  - exec CUpdateClientPartner::ParseServerData
2018-12-17 10:17:46 - UPSD02 - 
2018-12-17 10:17:46 - CUPSD - [UPSD02] Неопознанный ответ от сервера обновлений. 
2018-12-17 10:17:46 - GUL02 - [UPSD02] Неопознанный ответ от сервера обновлений. 
2018-12-17 10:17:51 -  - exec CUpdateClientPartner::GetUpdatesList
2018-12-17 10:17:51 -  - exec CUpdateClientPartner::__CollectRequestData
2018-12-17 10:17:51 -  - utf=Y&lang=ru&stable=Y&CANGZIP=Y&SUPD_DBS=MYSQL&XE=N&CLIENT_SITE=www.it-gorod.com&LICENSE_KEY=X&SUPD_STS=1&SUPD_URS=0&SUPD_URSA=1&TYPENC=E&CLIENT_PHPVER=7.0.32-0ubuntu0.16.04.1&NGINX=Y&dbv=5.7.21&instm=main%2C17.5.16%2CN%3Bconcept.quiz%2C2.0.14%2CN%3Bb24connector%2C17.5.0%2CN%3Bvettich.devform%2C1.1.3%2CN%3Btranslate%2C16.0.0%2CN%3Bperfmon%2C17.0.1%2CN%3Bbitrixcloud%2C17.5.0%2CN%3Bsocialservices%2C17.5.4%2CN%3Bcompression%2C16.0.0%2CN%3Bclouds%2C17.0.2%2CN%3Bfileman%2C17.5.10%2CN%3Biblock%2C17.6.2%2CN%3Bambersite.independentmetatags%2C1.0.9%2CN%3Bboxsol.bitcorp%2C2.0.0%2CN%3Bwtc.easydirect%2C6.1.1%2CN%3Bsearch%2C17.5.0%2CN%3Bhighloadblock%2C17.5.0%2CN%3Bscale%2C17.5.0%2CN%3Binfospice.search%2C3.1.0%2CN%3Bbitrix.sitecorporate%2C15.5.0%2CN%3Bui%2C17.5.5%2CN%3Bseo%2C17.5.3%2CN%3Bskyweb24.alreadygoing%2C1.0.0%2CN%3Bsva.tinypng%2C1.2.6%2CN&reqm=concept.quiz%2Cvettich.devform%2Cambersite.independentmetatags%2Cboxsol.bitcorp%2Cwtc.easydirect%2Cinfospice.search%2Cbitrix.sitecorporate%2Cskyweb24.alreadygoing%2Csva.tinypng&fullmoduleinfo=Y&SUPD_SRS=RU&SUPD_CMP=Y
2018-12-17 10:17:51 -  - exec CUpdateClientPartner::GetHTTPPage
2018-12-17 10:17:51 -  - TIME GetUpdatesList(request) 0.001 sec
2018-12-17 10:17:51 -  - exec CUpdateClientPartner::ParseServerData
2018-12-17 10:17:51 - UPSD02 - 
2018-12-17 10:17:51 - CUPSD - [UPSD02] Неопознанный ответ от сервера обновлений. 
2018-12-17 10:17:51 - GUL02 - [UPSD02] Неопознанный ответ от сервера обновлений. 
2018-12-17 10:17:53 -  - exec CUpdateClientPartner::GetUpdatesList
2018-12-17 10:17:53 -  - exec CUpdateClientPartner::__CollectRequestData
2018-12-17 10:17:53 -  - utf=Y&lang=ru&stable=Y&CANGZIP=Y&SUPD_DBS=MYSQL&XE=N&CLIENT_SITE=www.it-gorod.com&LICENSE_KEY=X&SUPD_STS=1&SUPD_URS=0&SUPD_URSA=1&TYPENC=E&CLIENT_PHPVER=7.0.32-0ubuntu0.16.04.1&NGINX=Y&dbv=5.7.21&instm=main%2C17.5.16%2CN%3Bconcept.quiz%2C2.0.14%2CN%3Bb24connector%2C17.5.0%2CN%3Bvettich.devform%2C1.1.3%2CN%3Btranslate%2C16.0.0%2CN%3Bperfmon%2C17.0.1%2CN%3Bbitrixcloud%2C17.5.0%2CN%3Bsocialservices%2C17.5.4%2CN%3Bcompression%2C16.0.0%2CN%3Bclouds%2C17.0.2%2CN%3Bfileman%2C17.5.10%2CN%3Biblock%2C17.6.2%2CN%3Bambersite.independentmetatags%2C1.0.9%2CN%3Bboxsol.bitcorp%2C2.0.0%2CN%3Bwtc.easydirect%2C6.1.1%2CN%3Bsearch%2C17.5.0%2CN%3Bhighloadblock%2C17.5.0%2CN%3Bscale%2C17.5.0%2CN%3Binfospice.search%2C3.1.0%2CN%3Bbitrix.sitecorporate%2C15.5.0%2CN%3Bui%2C17.5.5%2CN%3Bseo%2C17.5.3%2CN%3Bskyweb24.alreadygoing%2C1.0.0%2CN%3Bsva.tinypng%2C1.2.6%2CN&reqm=concept.quiz%2Cvettich.devform%2Cambersite.independentmetatags%2Cboxsol.bitcorp%2Cwtc.easydirect%2Cinfospice.search%2Cbitrix.sitecorporate%2Cskyweb24.alreadygoing%2Csva.tinypng&fullmoduleinfo=Y&SUPD_SRS=RU&SUPD_CMP=Y
2018-12-17 10:17:53 -  - exec CUpdateClientPartner::GetHTTPPage
2018-12-17 10:17:53 -  - TIME GetUpdatesList(request) 0.001 sec
2018-12-17 10:17:53 -  - exec CUpdateClientPartner::ParseServerData
2018-12-17 10:17:53 - UPSD02 - 
2018-12-17 10:17:53 - CUPSD - [UPSD02] Неопознанный ответ от сервера обновлений. 
2018-12-17 10:17:53 - GUL02 - [UPSD02] Неопознанный ответ от сервера обновлений. 
2018-12-17 10:17:58 -  - exec CUpdateClientPartner::GetUpdatesList
2018-12-17 10:17:58 -  - exec CUpdateClientPartner::__CollectRequestData
2018-12-17 10:17:58 -  - utf=Y&lang=ru&stable=Y&CANGZIP=Y&SUPD_DBS=MYSQL&XE=N&CLIENT_SITE=www.it-gorod.com&LICENSE_KEY=X&SUPD_STS=1&SUPD_URS=0&SUPD_URSA=1&TYPENC=E&CLIENT_PHPVER=7.0.32-0ubuntu0.16.04.1&NGINX=Y&dbv=5.7.21&instm=main%2C17.5.16%2CN%3Bconcept.quiz%2C2.0.14%2CN%3Bb24connector%2C17.5.0%2CN%3Bvettich.devform%2C1.1.3%2CN%3Btranslate%2C16.0.0%2CN%3Bperfmon%2C17.0.1%2CN%3Bbitrixcloud%2C17.5.0%2CN%3Bsocialservices%2C17.5.4%2CN%3Bcompression%2C16.0.0%2CN%3Bclouds%2C17.0.2%2CN%3Bfileman%2C17.5.10%2CN%3Biblock%2C17.6.2%2CN%3Bambersite.independentmetatags%2C1.0.9%2CN%3Bboxsol.bitcorp%2C2.0.0%2CN%3Bwtc.easydirect%2C6.1.1%2CN%3Bsearch%2C17.5.0%2CN%3Bhighloadblock%2C17.5.0%2CN%3Bscale%2C17.5.0%2CN%3Binfospice.search%2C3.1.0%2CN%3Bbitrix.sitecorporate%2C15.5.0%2CN%3Bui%2C17.5.5%2CN%3Bseo%2C17.5.3%2CN%3Bskyweb24.alreadygoing%2C1.0.0%2CN%3Bsva.tinypng%2C1.2.6%2CN&reqm=concept.quiz%2Cvettich.devform%2Cambersite.independentmetatags%2Cboxsol.bitcorp%2Cwtc.easydirect%2Cinfospice.search%2Cbitrix.sitecorporate%2Cskyweb24.alreadygoing%2Csva.tinypng&fullmoduleinfo=Y&SUPD_SRS=RU&SUPD_CMP=Y
2018-12-17 10:17:58 -  - exec CUpdateClientPartner::GetHTTPPage
2018-12-17 10:17:58 -  - TIME GetUpdatesList(request) 0.001 sec
2018-12-17 10:17:58 -  - exec CUpdateClientPartner::ParseServerData
2018-12-17 10:17:58 - UPSD02 - 
2018-12-17 10:17:58 - CUPSD - [UPSD02] Неопознанный ответ от сервера обновлений. 
2018-12-17 10:17:58 - GUL02 - [UPSD02] Неопознанный ответ от сервера обновлений. 
2018-12-17 10:17:58 -  - exec CUpdateClientPartner::GetUpdatesList
2018-12-17 10:17:58 -  - exec CUpdateClientPartner::__CollectRequestData
2018-12-17 10:17:58 -  - utf=Y&lang=ru&stable=Y&CANGZIP=Y&SUPD_DBS=MYSQL&XE=N&CLIENT_SITE=www.it-gorod.com&LICENSE_KEY=X&SUPD_STS=1&SUPD_URS=0&SUPD_URSA=1&TYPENC=E&CLIENT_PHPVER=7.0.32-0ubuntu0.16.04.1&NGINX=Y&dbv=5.7.21&instm=main%2C17.5.16%2CN%3Bconcept.quiz%2C2.0.14%2CN%3Bb24connector%2C17.5.0%2CN%3Bvettich.devform%2C1.1.3%2CN%3Btranslate%2C16.0.0%2CN%3Bperfmon%2C17.0.1%2CN%3Bbitrixcloud%2C17.5.0%2CN%3Bsocialservices%2C17.5.4%2CN%3Bcompression%2C16.0.0%2CN%3Bclouds%2C17.0.2%2CN%3Bfileman%2C17.5.10%2CN%3Biblock%2C17.6.2%2CN%3Bambersite.independentmetatags%2C1.0.9%2CN%3Bboxsol.bitcorp%2C2.0.0%2CN%3Bsearch%2C17.5.0%2CN%3Bhighloadblock%2C17.5.0%2CN%3Bscale%2C17.5.0%2CN%3Binfospice.search%2C3.1.0%2CN%3Bbitrix.sitecorporate%2C15.5.0%2CN%3Bui%2C17.5.5%2CN%3Bseo%2C17.5.3%2CN%3Bskyweb24.alreadygoing%2C1.0.0%2CN%3Bsva.tinypng%2C1.2.6%2CN&reqm=concept.quiz%2Cvettich.devform%2Cambersite.independentmetatags%2Cboxsol.bitcorp%2Cinfospice.search%2Cbitrix.sitecorporate%2Cskyweb24.alreadygoing%2Csva.tinypng&fullmoduleinfo=Y&SUPD_SRS=RU&SUPD_CMP=Y
2018-12-17 10:17:58 -  - exec CUpdateClientPartner::GetHTTPPage
2018-12-17 10:17:58 -  - TIME GetUpdatesList(request) 0.001 sec
2018-12-17 10:17:58 -  - exec CUpdateClientPartner::ParseServerData
2018-12-17 10:17:58 - UPSD02 - 
2018-12-17 10:17:58 - CUPSD - [UPSD02] Неопознанный ответ от сервера обновлений. 
2018-12-17 10:17:58 - GUL02 - [UPSD02] Неопознанный ответ от сервера обновлений. 
2018-12-17 10:18:49 -  - exec CUpdateClientPartner::GetUpdatesList
2018-12-17 10:18:49 -  - exec CUpdateClientPartner::__CollectRequestData
2018-12-17 10:18:49 -  - utf=Y&lang=ru&stable=Y&CANGZIP=Y&SUPD_DBS=MYSQL&XE=N&CLIENT_SITE=www.it-gorod.com&LICENSE_KEY=X&SUPD_STS=1&SUPD_URS=0&SUPD_URSA=1&TYPENC=E&CLIENT_PHPVER=7.0.32-0ubuntu0.16.04.1&NGINX=Y&dbv=5.7.21&instm=main%2C17.5.16%2CN%3Bconcept.quiz%2C2.0.14%2CN%3Bb24connector%2C17.5.0%2CN%3Bvettich.devform%2C1.1.3%2CN%3Btranslate%2C16.0.0%2CN%3Bperfmon%2C17.0.1%2CN%3Bbitrixcloud%2C17.5.0%2CN%3Bsocialservices%2C17.5.4%2CN%3Bcompression%2C16.0.0%2CN%3Bclouds%2C17.0.2%2CN%3Bfileman%2C17.5.10%2CN%3Biblock%2C17.6.2%2CN%3Bambersite.independentmetatags%2C1.0.9%2CN%3Bboxsol.bitcorp%2C2.0.0%2CN%3Bsearch%2C17.5.0%2CN%3Bhighloadblock%2C17.5.0%2CN%3Bscale%2C17.5.0%2CN%3Binfospice.search%2C3.1.0%2CN%3Bbitrix.sitecorporate%2C15.5.0%2CN%3Bui%2C17.5.5%2CN%3Bseo%2C17.5.3%2CN%3Bskyweb24.alreadygoing%2C1.0.0%2CN%3Bsva.tinypng%2C1.2.6%2CN&reqm=concept.quiz%2Cvettich.devform%2Cambersite.independentmetatags%2Cboxsol.bitcorp%2Cinfospice.search%2Cbitrix.sitecorporate%2Cskyweb24.alreadygoing%2Csva.tinypng%2Cwtc.easydirect&SUPD_SRS=RU&SUPD_CMP=Y
2018-12-17 10:18:49 -  - exec CUpdateClientPartner::GetHTTPPage
2018-12-17 10:18:49 -  - TIME GetUpdatesList(request) 0.001 sec
2018-12-17 10:18:49 -  - exec CUpdateClientPartner::ParseServerData
2018-12-17 10:18:49 - UPSD02 - 
2018-12-17 10:18:49 - CUPSD - [UPSD02] Неопознанный ответ от сервера обновлений. 
2018-12-17 10:18:49 - GUL02 - [UPSD02] Неопознанный ответ от сервера обновлений. 
2018-12-17 10:21:55 -  - exec CUpdateClientPartner::GetUpdatesList
2018-12-17 10:21:55 -  - exec CUpdateClientPartner::__CollectRequestData
2018-12-17 10:21:55 -  - utf=Y&lang=ru&stable=Y&CANGZIP=Y&SUPD_DBS=MYSQL&XE=N&CLIENT_SITE=www.it-gorod.com&LICENSE_KEY=X&SUPD_STS=1&SUPD_URS=0&SUPD_URSA=1&TYPENC=E&CLIENT_PHPVER=7.0.32-0ubuntu0.16.04.1&NGINX=Y&dbv=5.7.21&instm=main%2C17.5.16%2CN%3Bconcept.quiz%2C2.0.14%2CN%3Bb24connector%2C17.5.0%2CN%3Bvettich.devform%2C1.1.3%2CN%3Btranslate%2C16.0.0%2CN%3Bperfmon%2C17.0.1%2CN%3Bbitrixcloud%2C17.5.0%2CN%3Bsocialservices%2C17.5.4%2CN%3Bcompression%2C16.0.0%2CN%3Bclouds%2C17.0.2%2CN%3Bfileman%2C17.5.10%2CN%3Biblock%2C17.6.2%2CN%3Bambersite.independentmetatags%2C1.0.9%2CN%3Bboxsol.bitcorp%2C2.0.0%2CN%3Bwtc.easydirect%2C6.1.8%2CY%3Bsearch%2C17.5.0%2CN%3Bhighloadblock%2C17.5.0%2CN%3Bscale%2C17.5.0%2CN%3Binfospice.search%2C3.1.0%2CN%3Bbitrix.sitecorporate%2C15.5.0%2CN%3Bui%2C17.5.5%2CN%3Bseo%2C17.5.3%2CN%3Bskyweb24.alreadygoing%2C1.0.0%2CN%3Bsva.tinypng%2C1.2.6%2CN&reqm=concept.quiz%2Cvettich.devform%2Cambersite.independentmetatags%2Cboxsol.bitcorp%2Cwtc.easydirect%2Cinfospice.search%2Cbitrix.sitecorporate%2Cskyweb24.alreadygoing%2Csva.tinypng&SUPD_SRS=RU&SUPD_CMP=Y
2018-12-17 10:21:55 -  - exec CUpdateClientPartner::GetHTTPPage
2018-12-17 10:21:55 -  - TIME GetUpdatesList(request) 0.007 sec
2018-12-17 10:21:55 -  - exec CUpdateClientPartner::ParseServerData
2018-12-17 10:21:55 - UPSD02 - 
2018-12-17 10:21:55 - CUPSD - [UPSD02] Неопознанный ответ от сервера обновлений. 
2018-12-17 10:21:55 - GUL02 - [UPSD02] Неопознанный ответ от сервера обновлений. 
2018-12-17 10:21:57 -  - exec CUpdateClientPartner::GetUpdatesList
2018-12-17 10:21:57 -  - exec CUpdateClientPartner::__CollectRequestData
2018-12-17 10:21:57 -  - utf=Y&lang=ru&stable=Y&CANGZIP=Y&SUPD_DBS=MYSQL&XE=N&CLIENT_SITE=www.it-gorod.com&LICENSE_KEY=X&SUPD_STS=1&SUPD_URS=0&SUPD_URSA=1&TYPENC=E&CLIENT_PHPVER=7.0.32-0ubuntu0.16.04.1&NGINX=Y&dbv=5.7.21&instm=main%2C17.5.16%2CN%3Bconcept.quiz%2C2.0.14%2CN%3Bb24connector%2C17.5.0%2CN%3Bvettich.devform%2C1.1.3%2CN%3Btranslate%2C16.0.0%2CN%3Bperfmon%2C17.0.1%2CN%3Bbitrixcloud%2C17.5.0%2CN%3Bsocialservices%2C17.5.4%2CN%3Bcompression%2C16.0.0%2CN%3Bclouds%2C17.0.2%2CN%3Bfileman%2C17.5.10%2CN%3Biblock%2C17.6.2%2CN%3Bambersite.independentmetatags%2C1.0.9%2CN%3Bboxsol.bitcorp%2C2.0.0%2CN%3Bwtc.easydirect%2C6.1.8%2CY%3Bsearch%2C17.5.0%2CN%3Bhighloadblock%2C17.5.0%2CN%3Bscale%2C17.5.0%2CN%3Binfospice.search%2C3.1.0%2CN%3Bbitrix.sitecorporate%2C15.5.0%2CN%3Bui%2C17.5.5%2CN%3Bseo%2C17.5.3%2CN%3Bskyweb24.alreadygoing%2C1.0.0%2CN%3Bsva.tinypng%2C1.2.6%2CN&reqm=concept.quiz%2Cvettich.devform%2Cambersite.independentmetatags%2Cboxsol.bitcorp%2Cwtc.easydirect%2Cinfospice.search%2Cbitrix.sitecorporate%2Cskyweb24.alreadygoing%2Csva.tinypng&fullmoduleinfo=Y&SUPD_SRS=RU&SUPD_CMP=Y
2018-12-17 10:21:57 -  - exec CUpdateClientPartner::GetHTTPPage
2018-12-17 10:21:57 -  - TIME GetUpdatesList(request) 0.001 sec
2018-12-17 10:21:57 -  - exec CUpdateClientPartner::ParseServerData
2018-12-17 10:21:57 - UPSD02 - 
2018-12-17 10:21:57 - CUPSD - [UPSD02] Неопознанный ответ от сервера обновлений. 
2018-12-17 10:21:57 - GUL02 - [UPSD02] Неопознанный ответ от сервера обновлений. 
2018-12-17 10:21:59 -  - exec CUpdateClientPartner::GetUpdatesList
2018-12-17 10:21:59 -  - exec CUpdateClientPartner::__CollectRequestData
2018-12-17 10:21:59 -  - utf=Y&lang=ru&stable=Y&CANGZIP=Y&SUPD_DBS=MYSQL&XE=N&CLIENT_SITE=www.it-gorod.com&LICENSE_KEY=X&SUPD_STS=1&SUPD_URS=0&SUPD_URSA=1&TYPENC=E&CLIENT_PHPVER=7.0.32-0ubuntu0.16.04.1&NGINX=Y&dbv=5.7.21&instm=main%2C17.5.16%2CN%3Bconcept.quiz%2C2.0.14%2CN%3Bb24connector%2C17.5.0%2CN%3Bvettich.devform%2C1.1.3%2CN%3Btranslate%2C16.0.0%2CN%3Bperfmon%2C17.0.1%2CN%3Bbitrixcloud%2C17.5.0%2CN%3Bsocialservices%2C17.5.4%2CN%3Bcompression%2C16.0.0%2CN%3Bclouds%2C17.0.2%2CN%3Bfileman%2C17.5.10%2CN%3Biblock%2C17.6.2%2CN%3Bambersite.independentmetatags%2C1.0.9%2CN%3Bboxsol.bitcorp%2C2.0.0%2CN%3Bwtc.easydirect%2C6.1.8%2CY%3Bsearch%2C17.5.0%2CN%3Bhighloadblock%2C17.5.0%2CN%3Bscale%2C17.5.0%2CN%3Binfospice.search%2C3.1.0%2CN%3Bbitrix.sitecorporate%2C15.5.0%2CN%3Bui%2C17.5.5%2CN%3Bseo%2C17.5.3%2CN%3Bskyweb24.alreadygoing%2C1.0.0%2CN%3Bsva.tinypng%2C1.2.6%2CN&reqm=concept.quiz%2Cvettich.devform%2Cambersite.independentmetatags%2Cboxsol.bitcorp%2Cwtc.easydirect%2Cinfospice.search%2Cbitrix.sitecorporate%2Cskyweb24.alreadygoing%2Csva.tinypng&fullmoduleinfo=Y&SUPD_SRS=RU&SUPD_CMP=Y
2018-12-17 10:21:59 -  - exec CUpdateClientPartner::GetHTTPPage
2018-12-17 10:21:59 -  - TIME GetUpdatesList(request) 0.003 sec
2018-12-17 10:21:59 -  - exec CUpdateClientPartner::ParseServerData
2018-12-17 10:21:59 - UPSD02 - 
2018-12-17 10:21:59 - CUPSD - [UPSD02] Неопознанный ответ от сервера обновлений. 
2018-12-17 10:21:59 - GUL02 - [UPSD02] Неопознанный ответ от сервера обновлений. 
2018-12-17 10:24:23 -  - exec CUpdateClientPartner::GetUpdatesList
2018-12-17 10:24:23 -  - exec CUpdateClientPartner::__CollectRequestData
2018-12-17 10:24:23 -  - utf=Y&lang=ru&stable=Y&CANGZIP=Y&SUPD_DBS=MYSQL&XE=N&CLIENT_SITE=www.it-gorod.com&LICENSE_KEY=X&SUPD_STS=1&SUPD_URS=0&SUPD_URSA=1&TYPENC=E&CLIENT_PHPVER=7.0.32-0ubuntu0.16.04.1&NGINX=Y&dbv=5.7.21&instm=main%2C17.5.16%2CN%3Bconcept.quiz%2C2.0.14%2CN%3Bb24connector%2C17.5.0%2CN%3Bvettich.devform%2C1.1.3%2CN%3Btranslate%2C16.0.0%2CN%3Bperfmon%2C17.0.1%2CN%3Bbitrixcloud%2C17.5.0%2CN%3Bsocialservices%2C17.5.4%2CN%3Bcompression%2C16.0.0%2CN%3Bclouds%2C17.0.2%2CN%3Bfileman%2C17.5.10%2CN%3Biblock%2C17.6.2%2CN%3Bambersite.independentmetatags%2C1.0.9%2CN%3Bboxsol.bitcorp%2C2.0.0%2CN%3Bwtc.easydirect%2C6.1.8%2CY%3Bsearch%2C17.5.0%2CN%3Bhighloadblock%2C17.5.0%2CN%3Bscale%2C17.5.0%2CN%3Binfospice.search%2C3.1.0%2CN%3Bbitrix.sitecorporate%2C15.5.0%2CN%3Bui%2C17.5.5%2CN%3Bseo%2C17.5.3%2CN%3Bskyweb24.alreadygoing%2C1.0.0%2CN%3Bsva.tinypng%2C1.2.6%2CN&reqm=concept.quiz%2Cvettich.devform%2Cambersite.independentmetatags%2Cboxsol.bitcorp%2Cwtc.easydirect%2Cinfospice.search%2Cbitrix.sitecorporate%2Cskyweb24.alreadygoing%2Csva.tinypng&fullmoduleinfo=Y&SUPD_SRS=RU&SUPD_CMP=Y
2018-12-17 10:24:23 -  - exec CUpdateClientPartner::GetHTTPPage
2018-12-17 10:24:23 -  - TIME GetUpdatesList(request) 0.001 sec
2018-12-17 10:24:23 -  - exec CUpdateClientPartner::ParseServerData
2018-12-17 10:24:23 - UPSD02 - 
2018-12-17 10:24:23 - CUPSD - [UPSD02] Неопознанный ответ от сервера обновлений. 
2018-12-17 10:24:23 - GUL02 - [UPSD02] Неопознанный ответ от сервера обновлений. 
2018-12-17 10:24:26 -  - exec CUpdateClientPartner::GetUpdatesList
2018-12-17 10:24:26 -  - exec CUpdateClientPartner::__CollectRequestData
2018-12-17 10:24:26 -  - utf=Y&lang=ru&stable=Y&CANGZIP=Y&SUPD_DBS=MYSQL&XE=N&CLIENT_SITE=www.it-gorod.com&LICENSE_KEY=X&SUPD_STS=1&SUPD_URS=0&SUPD_URSA=1&TYPENC=E&CLIENT_PHPVER=7.0.32-0ubuntu0.16.04.1&NGINX=Y&dbv=5.7.21&instm=main%2C17.5.16%2CN%3Bconcept.quiz%2C2.0.14%2CN%3Bb24connector%2C17.5.0%2CN%3Bvettich.devform%2C1.1.3%2CN%3Btranslate%2C16.0.0%2CN%3Bperfmon%2C17.0.1%2CN%3Bbitrixcloud%2C17.5.0%2CN%3Bsocialservices%2C17.5.4%2CN%3Bcompression%2C16.0.0%2CN%3Bclouds%2C17.0.2%2CN%3Bfileman%2C17.5.10%2CN%3Biblock%2C17.6.2%2CN%3Bambersite.independentmetatags%2C1.0.9%2CN%3Bboxsol.bitcorp%2C2.0.0%2CN%3Bwtc.easydirect%2C6.1.8%2CY%3Bsearch%2C17.5.0%2CN%3Bhighloadblock%2C17.5.0%2CN%3Bscale%2C17.5.0%2CN%3Binfospice.search%2C3.1.0%2CN%3Bbitrix.sitecorporate%2C15.5.0%2CN%3Bui%2C17.5.5%2CN%3Bseo%2C17.5.3%2CN%3Bskyweb24.alreadygoing%2C1.0.0%2CN%3Bsva.tinypng%2C1.2.6%2CN&reqm=concept.quiz%2Cvettich.devform%2Cambersite.independentmetatags%2Cboxsol.bitcorp%2Cwtc.easydirect%2Cinfospice.search%2Cbitrix.sitecorporate%2Cskyweb24.alreadygoing%2Csva.tinypng&fullmoduleinfo=Y&SUPD_SRS=RU&SUPD_CMP=Y
2018-12-17 10:24:26 -  - exec CUpdateClientPartner::GetHTTPPage
2018-12-17 10:24:26 -  - TIME GetUpdatesList(request) 0.001 sec
2018-12-17 10:24:26 -  - exec CUpdateClientPartner::ParseServerData
2018-12-17 10:24:26 - UPSD02 - 
2018-12-17 10:24:26 - CUPSD - [UPSD02] Неопознанный ответ от сервера обновлений. 
2018-12-17 10:24:26 - GUL02 - [UPSD02] Неопознанный ответ от сервера обновлений. 
2018-12-17 10:24:27 -  - exec CUpdateClientPartner::GetUpdatesList
2018-12-17 10:24:27 -  - exec CUpdateClientPartner::__CollectRequestData
2018-12-17 10:24:27 -  - utf=Y&lang=ru&stable=Y&CANGZIP=Y&SUPD_DBS=MYSQL&XE=N&CLIENT_SITE=www.it-gorod.com&LICENSE_KEY=X&SUPD_STS=1&SUPD_URS=0&SUPD_URSA=1&TYPENC=E&CLIENT_PHPVER=7.0.32-0ubuntu0.16.04.1&NGINX=Y&dbv=5.7.21&instm=main%2C17.5.16%2CN%3Bconcept.quiz%2C2.0.14%2CN%3Bb24connector%2C17.5.0%2CN%3Bvettich.devform%2C1.1.3%2CN%3Btranslate%2C16.0.0%2CN%3Bperfmon%2C17.0.1%2CN%3Bbitrixcloud%2C17.5.0%2CN%3Bsocialservices%2C17.5.4%2CN%3Bcompression%2C16.0.0%2CN%3Bclouds%2C17.0.2%2CN%3Bfileman%2C17.5.10%2CN%3Biblock%2C17.6.2%2CN%3Bambersite.independentmetatags%2C1.0.9%2CN%3Bboxsol.bitcorp%2C2.0.0%2CN%3Bwtc.easydirect%2C6.1.8%2CY%3Bsearch%2C17.5.0%2CN%3Bhighloadblock%2C17.5.0%2CN%3Bscale%2C17.5.0%2CN%3Binfospice.search%2C3.1.0%2CN%3Bbitrix.sitecorporate%2C15.5.0%2CN%3Bui%2C17.5.5%2CN%3Bseo%2C17.5.3%2CN%3Bskyweb24.alreadygoing%2C1.0.0%2CN%3Bsva.tinypng%2C1.2.6%2CN&reqm=concept.quiz%2Cvettich.devform%2Cambersite.independentmetatags%2Cboxsol.bitcorp%2Cwtc.easydirect%2Cinfospice.search%2Cbitrix.sitecorporate%2Cskyweb24.alreadygoing%2Csva.tinypng&fullmoduleinfo=Y&SUPD_SRS=RU&SUPD_CMP=Y
2018-12-17 10:24:27 -  - exec CUpdateClientPartner::GetHTTPPage
2018-12-17 10:24:27 -  - TIME GetUpdatesList(request) 0.001 sec
2018-12-17 10:24:27 -  - exec CUpdateClientPartner::ParseServerData
2018-12-17 10:24:27 - UPSD02 - 
2018-12-17 10:24:27 - CUPSD - [UPSD02] Неопознанный ответ от сервера обновлений. 
2018-12-17 10:24:27 - GUL02 - [UPSD02] Неопознанный ответ от сервера обновлений. 
2018-12-17 10:24:32 -  - exec CUpdateClientPartner::GetUpdatesList
2018-12-17 10:24:32 -  - exec CUpdateClientPartner::__CollectRequestData
2018-12-17 10:24:32 -  - utf=Y&lang=ru&stable=Y&CANGZIP=Y&SUPD_DBS=MYSQL&XE=N&CLIENT_SITE=www.it-gorod.com&LICENSE_KEY=X&SUPD_STS=1&SUPD_URS=0&SUPD_URSA=1&TYPENC=E&CLIENT_PHPVER=7.0.32-0ubuntu0.16.04.1&NGINX=Y&dbv=5.7.21&instm=main%2C17.5.16%2CN%3Bconcept.quiz%2C2.0.14%2CN%3Bb24connector%2C17.5.0%2CN%3Bvettich.devform%2C1.1.3%2CN%3Btranslate%2C16.0.0%2CN%3Bperfmon%2C17.0.1%2CN%3Bbitrixcloud%2C17.5.0%2CN%3Bsocialservices%2C17.5.4%2CN%3Bcompression%2C16.0.0%2CN%3Bclouds%2C17.0.2%2CN%3Bfileman%2C17.5.10%2CN%3Biblock%2C17.6.2%2CN%3Bambersite.independentmetatags%2C1.0.9%2CN%3Bboxsol.bitcorp%2C2.0.0%2CN%3Bwtc.easydirect%2C6.1.8%2CY%3Bsearch%2C17.5.0%2CN%3Bhighloadblock%2C17.5.0%2CN%3Bscale%2C17.5.0%2CN%3Binfospice.search%2C3.1.0%2CN%3Bbitrix.sitecorporate%2C15.5.0%2CN%3Bui%2C17.5.5%2CN%3Bseo%2C17.5.3%2CN%3Bskyweb24.alreadygoing%2C1.0.0%2CN%3Bsva.tinypng%2C1.2.6%2CN&reqm=concept.quiz%2Cvettich.devform%2Cambersite.independentmetatags%2Cboxsol.bitcorp%2Cwtc.easydirect%2Cinfospice.search%2Cbitrix.sitecorporate%2Cskyweb24.alreadygoing%2Csva.tinypng&fullmoduleinfo=Y&SUPD_SRS=RU&SUPD_CMP=Y
2018-12-17 10:24:32 -  - exec CUpdateClientPartner::GetHTTPPage
2018-12-17 10:24:32 -  - TIME GetUpdatesList(request) 0.001 sec
2018-12-17 10:24:32 -  - exec CUpdateClientPartner::ParseServerData
2018-12-17 10:24:32 - UPSD02 - 
2018-12-17 10:24:32 - CUPSD - [UPSD02] Неопознанный ответ от сервера обновлений. 
2018-12-17 10:24:32 - GUL02 - [UPSD02] Неопознанный ответ от сервера обновлений. 
2018-12-17 10:24:32 -  - exec CUpdateClientPartner::GetUpdatesList
2018-12-17 10:24:32 -  - exec CUpdateClientPartner::__CollectRequestData
2018-12-17 10:24:32 -  - utf=Y&lang=ru&stable=Y&CANGZIP=Y&SUPD_DBS=MYSQL&XE=N&CLIENT_SITE=www.it-gorod.com&LICENSE_KEY=X&SUPD_STS=1&SUPD_URS=0&SUPD_URSA=1&TYPENC=E&CLIENT_PHPVER=7.0.32-0ubuntu0.16.04.1&NGINX=Y&dbv=5.7.21&instm=main%2C17.5.16%2CN%3Bconcept.quiz%2C2.0.14%2CN%3Bb24connector%2C17.5.0%2CN%3Bvettich.devform%2C1.1.3%2CN%3Btranslate%2C16.0.0%2CN%3Bperfmon%2C17.0.1%2CN%3Bbitrixcloud%2C17.5.0%2CN%3Bsocialservices%2C17.5.4%2CN%3Bcompression%2C16.0.0%2CN%3Bclouds%2C17.0.2%2CN%3Bfileman%2C17.5.10%2CN%3Biblock%2C17.6.2%2CN%3Bambersite.independentmetatags%2C1.0.9%2CN%3Bboxsol.bitcorp%2C2.0.0%2CN%3Bsearch%2C17.5.0%2CN%3Bhighloadblock%2C17.5.0%2CN%3Bscale%2C17.5.0%2CN%3Binfospice.search%2C3.1.0%2CN%3Bbitrix.sitecorporate%2C15.5.0%2CN%3Bui%2C17.5.5%2CN%3Bseo%2C17.5.3%2CN%3Bskyweb24.alreadygoing%2C1.0.0%2CN%3Bsva.tinypng%2C1.2.6%2CN&reqm=concept.quiz%2Cvettich.devform%2Cambersite.independentmetatags%2Cboxsol.bitcorp%2Cinfospice.search%2Cbitrix.sitecorporate%2Cskyweb24.alreadygoing%2Csva.tinypng&fullmoduleinfo=Y&SUPD_SRS=RU&SUPD_CMP=Y
2018-12-17 10:24:32 -  - exec CUpdateClientPartner::GetHTTPPage
2018-12-17 10:24:32 -  - TIME GetUpdatesList(request) 0.001 sec
2018-12-17 10:24:32 -  - exec CUpdateClientPartner::ParseServerData
2018-12-17 10:24:32 - UPSD02 - 
2018-12-17 10:24:32 - CUPSD - [UPSD02] Неопознанный ответ от сервера обновлений. 
2018-12-17 10:24:32 - GUL02 - [UPSD02] Неопознанный ответ от сервера обновлений. 
2019-01-17 15:25:32 -  - exec CUpdateClientPartner::GetUpdatesList
2019-01-17 15:25:32 -  - exec CUpdateClientPartner::__CollectRequestData
2019-01-17 15:25:32 -  - utf=Y&lang=ru&stable=Y&CANGZIP=Y&SUPD_DBS=MYSQL&XE=N&CLIENT_SITE=www.it-gorod.com&LICENSE_KEY=X&SUPD_STS=1&SUPD_URS=0&SUPD_URSA=1&TYPENC=E&CLIENT_PHPVER=7.0.32-0ubuntu0.16.04.1&NGINX=Y&dbv=5.7.21&instm=main%2C17.5.16%2CN%3Bconcept.quiz%2C2.0.14%2CN%3Bb24connector%2C17.5.0%2CN%3Bvettich.devform%2C1.1.3%2CN%3Btranslate%2C16.0.0%2CN%3Bperfmon%2C17.0.1%2CN%3Bbitrixcloud%2C17.5.0%2CN%3Bsocialservices%2C17.5.4%2CN%3Bcompression%2C16.0.0%2CN%3Bclouds%2C17.0.2%2CN%3Bfileman%2C17.5.10%2CN%3Biblock%2C17.6.2%2CN%3Bambersite.independentmetatags%2C1.0.9%2CN%3Bboxsol.bitcorp%2C2.0.0%2CN%3Bsearch%2C17.5.0%2CN%3Bhighloadblock%2C17.5.0%2CN%3Bscale%2C17.5.0%2CN%3Binfospice.search%2C3.1.0%2CN%3Bbitrix.sitecorporate%2C15.5.0%2CN%3Bui%2C17.5.5%2CN%3Bseo%2C17.5.3%2CN%3Bskyweb24.alreadygoing%2C1.0.0%2CN%3Bsva.tinypng%2C1.2.6%2CN&reqm=concept.quiz%2Cvettich.devform%2Cambersite.independentmetatags%2Cboxsol.bitcorp%2Cinfospice.search%2Cbitrix.sitecorporate%2Cskyweb24.alreadygoing%2Csva.tinypng&fullmoduleinfo=Y&SUPD_SRS=RU&SUPD_CMP=Y
2019-01-17 15:25:32 -  - exec CUpdateClientPartner::GetHTTPPage
2019-01-17 15:25:32 -  - TIME GetUpdatesList(request) 0.279 sec
2019-01-17 15:25:32 -  - exec CUpdateClientPartner::ParseServerData
